# JRE version: OpenJDK Runtime Environment Temurin-17.0.10+7 (17.0.10+7) (build 17.0.10+7)
# Java VM: OpenJDK 64-Bit Server VM Temurin-17.0.10+7 (17.0.10+7, mixed mode, tiered, compressed oops, compressed class ptrs, parallel gc, windows-amd64)
GC Precious Log:
 CPUs: 12 total, 12 available
 Memory: 16295M
 Large Page Support: Disabled
 NUMA Support: Disabled
 Compressed Oops: Enabled (32-bit)
 Alignments: Space 512K, Generation 512K, Heap 2M
 Heap Min Capacity: 100M
 Heap Initial Capacity: 100M
 Heap Max Capacity: 1G
 Pre-touch: Disabled
 Parallel Workers: 10
Heap:
 PSYoungGen      total 17920K, used 11264K [0x00000000eab00000, 0x00000000ec400000, 0x0000000100000000)
  eden space 11264K, 100% used [0x00000000eab00000,0x00000000eb600000,0x00000000eb600000)
  from space 6656K, 0% used [0x00000000eb600000,0x00000000eb600000,0x00000000ebc80000)
  to   space 3584K, 0% used [0x00000000ebc80000,0x00000000ebc80000,0x00000000ec000000)
 ParOldGen       total 189952K, used 189883K [0x00000000c0000000, 0x00000000cb980000, 0x00000000eab00000)
  object space 189952K, 99% used [0x00000000c0000000,0x00000000cb96ec28,0x00000000cb980000)
 Metaspace       used 64443K, committed 65536K, reserved 1114112K
  class space    used 7428K, committed 7936K, reserved 1048576K
GC Heap History (20 events):
Event: 13.662 GC heap before
{Heap before GC invocations=128 (full 8):
 PSYoungGen      total 14848K, used 14469K [0x00000000eab00000, 0x00000000ebd00000, 0x0000000100000000)
  eden space 11776K, 100% used [0x00000000eab00000,0x00000000eb680000,0x00000000eb680000)
  from space 3072K, 87% used [0x00000000eb980000,0x00000000ebc21520,0x00000000ebc80000)
  to   space 3072K, 0% used [0x00000000eb680000,0x00000000eb680000,0x00000000eb980000)
 ParOldGen       total 189952K, used 171123K [0x00000000c0000000, 0x00000000cb980000, 0x00000000eab00000)
  object space 189952K, 90% used [0x00000000c0000000,0x00000000ca71ce98,0x00000000cb980000)
 Metaspace       used 64253K, committed 65344K, reserved 1114112K
  class space    used 7401K, committed 7872K, reserved 1048576K
}
Event: 13.665 GC heap after
{Heap after GC invocations=128 (full 8):
 PSYoungGen      total 14848K, used 2833K [0x00000000eab00000, 0x00000000ebe00000, 0x0000000100000000)
  eden space 11776K, 0% used [0x00000000eab00000,0x00000000eab00000,0x00000000eb680000)
  from space 3072K, 92% used [0x00000000eb680000,0x00000000eb944638,0x00000000eb980000)
  to   space 3072K, 0% used [0x00000000ebb00000,0x00000000ebb00000,0x00000000ebe00000)
 ParOldGen       total 189952K, used 173563K [0x00000000c0000000, 0x00000000cb980000, 0x00000000eab00000)
  object space 189952K, 91% used [0x00000000c0000000,0x00000000ca97eff0,0x00000000cb980000)
 Metaspace       used 64253K, committed 65344K, reserved 1114112K
  class space    used 7401K, committed 7872K, reserved 1048576K
}
Event: 13.700 GC heap before
{Heap before GC invocations=129 (full 8):
 PSYoungGen      total 14848K, used 14609K [0x00000000eab00000, 0x00000000ebe00000, 0x0000000100000000)
  eden space 11776K, 100% used [0x00000000eab00000,0x00000000eb680000,0x00000000eb680000)
  from space 3072K, 92% used [0x00000000eb680000,0x00000000eb944638,0x00000000eb980000)
  to   space 3072K, 0% used [0x00000000ebb00000,0x00000000ebb00000,0x00000000ebe00000)
 ParOldGen       total 189952K, used 173563K [0x00000000c0000000, 0x00000000cb980000, 0x00000000eab00000)
  object space 189952K, 91% used [0x00000000c0000000,0x00000000ca97eff0,0x00000000cb980000)
 Metaspace       used 64413K, committed 65536K, reserved 1114112K
  class space    used 7424K, committed 7936K, reserved 1048576K
}
Event: 13.704 GC heap after
{Heap after GC invocations=129 (full 8):
 PSYoungGen      total 16384K, used 2672K [0x00000000eab00000, 0x00000000ebe00000, 0x0000000100000000)
  eden space 13312K, 0% used [0x00000000eab00000,0x00000000eab00000,0x00000000eb800000)
  from space 3072K, 87% used [0x00000000ebb00000,0x00000000ebd9c2f8,0x00000000ebe00000)
  to   space 3072K, 0% used [0x00000000eb800000,0x00000000eb800000,0x00000000ebb00000)
 ParOldGen       total 189952K, used 176208K [0x00000000c0000000, 0x00000000cb980000, 0x00000000eab00000)
  object space 189952K, 92% used [0x00000000c0000000,0x00000000cac14258,0x00000000cb980000)
 Metaspace       used 64413K, committed 65536K, reserved 1114112K
  class space    used 7424K, committed 7936K, reserved 1048576K
}
Event: 13.820 GC heap before
{Heap before GC invocations=130 (full 8):
 PSYoungGen      total 16384K, used 15984K [0x00000000eab00000, 0x00000000ebe00000, 0x0000000100000000)
  eden space 13312K, 100% used [0x00000000eab00000,0x00000000eb800000,0x00000000eb800000)
  from space 3072K, 87% used [0x00000000ebb00000,0x00000000ebd9c2f8,0x00000000ebe00000)
  to   space 3072K, 0% used [0x00000000eb800000,0x00000000eb800000,0x00000000ebb00000)
 ParOldGen       total 189952K, used 176208K [0x00000000c0000000, 0x00000000cb980000, 0x00000000eab00000)
  object space 189952K, 92% used [0x00000000c0000000,0x00000000cac14258,0x00000000cb980000)
 Metaspace       used 64443K, committed 65536K, reserved 1114112K
  class space    used 7428K, committed 7936K, reserved 1048576K
}
Event: 13.830 GC heap after
{Heap after GC invocations=130 (full 8):
 PSYoungGen      total 16384K, used 2388K [0x00000000eab00000, 0x00000000ebe80000, 0x0000000100000000)
  eden space 13312K, 0% used [0x00000000eab00000,0x00000000eab00000,0x00000000eb800000)
  from space 3072K, 77% used [0x00000000eb800000,0x00000000eba550d8,0x00000000ebb00000)
  to   space 2560K, 0% used [0x00000000ebc00000,0x00000000ebc00000,0x00000000ebe80000)
 ParOldGen       total 189952K, used 182168K [0x00000000c0000000, 0x00000000cb980000, 0x00000000eab00000)
  object space 189952K, 95% used [0x00000000c0000000,0x00000000cb1e61a8,0x00000000cb980000)
 Metaspace       used 64443K, committed 65536K, reserved 1114112K
  class space    used 7428K, committed 7936K, reserved 1048576K
}
Event: 13.863 GC heap before
{Heap before GC invocations=131 (full 8):
 PSYoungGen      total 16384K, used 15700K [0x00000000eab00000, 0x00000000ebe80000, 0x0000000100000000)
  eden space 13312K, 100% used [0x00000000eab00000,0x00000000eb800000,0x00000000eb800000)
  from space 3072K, 77% used [0x00000000eb800000,0x00000000eba550d8,0x00000000ebb00000)
  to   space 2560K, 0% used [0x00000000ebc00000,0x00000000ebc00000,0x00000000ebe80000)
 ParOldGen       total 189952K, used 182168K [0x00000000c0000000, 0x00000000cb980000, 0x00000000eab00000)
  object space 189952K, 95% used [0x00000000c0000000,0x00000000cb1e61a8,0x00000000cb980000)
 Metaspace       used 64443K, committed 65536K, reserved 1114112K
  class space    used 7428K, committed 7936K, reserved 1048576K
}
Event: 13.869 GC heap after
{Heap after GC invocations=131 (full 8):
 PSYoungGen      total 13824K, used 2547K [0x00000000eab00000, 0x00000000ec600000, 0x0000000100000000)
  eden space 11264K, 0% used [0x00000000eab00000,0x00000000eab00000,0x00000000eb600000)
  from space 2560K, 99% used [0x00000000ebc00000,0x00000000ebe7ce80,0x00000000ebe80000)
  to   space 6144K, 0% used [0x00000000eb600000,0x00000000eb600000,0x00000000ebc00000)
 ParOldGen       total 189952K, used 184814K [0x00000000c0000000, 0x00000000cb980000, 0x00000000eab00000)
  object space 189952K, 97% used [0x00000000c0000000,0x00000000cb47ba30,0x00000000cb980000)
 Metaspace       used 64443K, committed 65536K, reserved 1114112K
  class space    used 7428K, committed 7936K, reserved 1048576K
}
Event: 13.899 GC heap before
{Heap before GC invocations=132 (full 8):
 PSYoungGen      total 13824K, used 13811K [0x00000000eab00000, 0x00000000ec600000, 0x0000000100000000)
  eden space 11264K, 100% used [0x00000000eab00000,0x00000000eb600000,0x00000000eb600000)
  from space 2560K, 99% used [0x00000000ebc00000,0x00000000ebe7ce80,0x00000000ebe80000)
  to   space 6144K, 0% used [0x00000000eb600000,0x00000000eb600000,0x00000000ebc00000)
 ParOldGen       total 189952K, used 184814K [0x00000000c0000000, 0x00000000cb980000, 0x00000000eab00000)
  object space 189952K, 97% used [0x00000000c0000000,0x00000000cb47ba30,0x00000000cb980000)
 Metaspace       used 64443K, committed 65536K, reserved 1114112K
  class space    used 7428K, committed 7936K, reserved 1048576K
}
Event: 13.903 GC heap after
{Heap after GC invocations=132 (full 8):
 PSYoungGen      total 14336K, used 2664K [0x00000000eab00000, 0x00000000ebe80000, 0x0000000100000000)
  eden space 11264K, 0% used [0x00000000eab00000,0x00000000eab00000,0x00000000eb600000)
  from space 3072K, 86% used [0x00000000eb600000,0x00000000eb89a018,0x00000000eb900000)
  to   space 3584K, 0% used [0x00000000ebb00000,0x00000000ebb00000,0x00000000ebe80000)
 ParOldGen       total 189952K, used 187270K [0x00000000c0000000, 0x00000000cb980000, 0x00000000eab00000)
  object space 189952K, 98% used [0x00000000c0000000,0x00000000cb6e1a00,0x00000000cb980000)
 Metaspace       used 64443K, committed 65536K, reserved 1114112K
  class space    used 7428K, committed 7936K, reserved 1048576K
}
Event: 13.903 GC heap before
{Heap before GC invocations=133 (full 9):
 PSYoungGen      total 14336K, used 2664K [0x00000000eab00000, 0x00000000ebe80000, 0x0000000100000000)
  eden space 11264K, 0% used [0x00000000eab00000,0x00000000eab00000,0x00000000eb600000)
  from space 3072K, 86% used [0x00000000eb600000,0x00000000eb89a018,0x00000000eb900000)
  to   space 3584K, 0% used [0x00000000ebb00000,0x00000000ebb00000,0x00000000ebe80000)
 ParOldGen       total 189952K, used 187270K [0x00000000c0000000, 0x00000000cb980000, 0x00000000eab00000)
  object space 189952K, 98% used [0x00000000c0000000,0x00000000cb6e1a00,0x00000000cb980000)
 Metaspace       used 64443K, committed 65536K, reserved 1114112K
  class space    used 7428K, committed 7936K, reserved 1048576K
}
Event: 13.989 GC heap after
{Heap after GC invocations=133 (full 9):
 PSYoungGen      total 16384K, used 0K [0x00000000eab00000, 0x00000000ebe80000, 0x0000000100000000)
  eden space 12800K, 0% used [0x00000000eab00000,0x00000000eab00000,0x00000000eb780000)
  from space 3584K, 0% used [0x00000000ebb00000,0x00000000ebb00000,0x00000000ebe80000)
  to   space 3584K, 0% used [0x00000000eb780000,0x00000000eb780000,0x00000000ebb00000)
 ParOldGen       total 189952K, used 185178K [0x00000000c0000000, 0x00000000cb980000, 0x00000000eab00000)
  object space 189952K, 97% used [0x00000000c0000000,0x00000000cb4d6808,0x00000000cb980000)
 Metaspace       used 64443K, committed 65536K, reserved 1114112K
  class space    used 7428K, committed 7936K, reserved 1048576K
}
Event: 14.026 GC heap before
{Heap before GC invocations=134 (full 9):
 PSYoungGen      total 16384K, used 12800K [0x00000000eab00000, 0x00000000ebe80000, 0x0000000100000000)
  eden space 12800K, 100% used [0x00000000eab00000,0x00000000eb780000,0x00000000eb780000)
  from space 3584K, 0% used [0x00000000ebb00000,0x00000000ebb00000,0x00000000ebe80000)
  to   space 3584K, 0% used [0x00000000eb780000,0x00000000eb780000,0x00000000ebb00000)
 ParOldGen       total 189952K, used 185178K [0x00000000c0000000, 0x00000000cb980000, 0x00000000eab00000)
  object space 189952K, 97% used [0x00000000c0000000,0x00000000cb4d6808,0x00000000cb980000)
 Metaspace       used 64443K, committed 65536K, reserved 1114112K
  class space    used 7428K, committed 7936K, reserved 1048576K
}
Event: 14.028 GC heap after
{Heap after GC invocations=134 (full 9):
 PSYoungGen      total 16384K, used 3112K [0x00000000eab00000, 0x00000000ec000000, 0x0000000100000000)
  eden space 12800K, 0% used [0x00000000eab00000,0x00000000eab00000,0x00000000eb780000)
  from space 3584K, 86% used [0x00000000eb780000,0x00000000eba8a280,0x00000000ebb00000)
  to   space 3584K, 0% used [0x00000000ebc80000,0x00000000ebc80000,0x00000000ec000000)
 ParOldGen       total 189952K, used 185178K [0x00000000c0000000, 0x00000000cb980000, 0x00000000eab00000)
  object space 189952K, 97% used [0x00000000c0000000,0x00000000cb4d6808,0x00000000cb980000)
 Metaspace       used 64443K, committed 65536K, reserved 1114112K
  class space    used 7428K, committed 7936K, reserved 1048576K
}
Event: 14.065 GC heap before
{Heap before GC invocations=135 (full 9):
 PSYoungGen      total 16384K, used 15912K [0x00000000eab00000, 0x00000000ec000000, 0x0000000100000000)
  eden space 12800K, 100% used [0x00000000eab00000,0x00000000eb780000,0x00000000eb780000)
  from space 3584K, 86% used [0x00000000eb780000,0x00000000eba8a280,0x00000000ebb00000)
  to   space 3584K, 0% used [0x00000000ebc80000,0x00000000ebc80000,0x00000000ec000000)
 ParOldGen       total 189952K, used 185178K [0x00000000c0000000, 0x00000000cb980000, 0x00000000eab00000)
  object space 189952K, 97% used [0x00000000c0000000,0x00000000cb4d6808,0x00000000cb980000)
 Metaspace       used 64443K, committed 65536K, reserved 1114112K
  class space    used 7428K, committed 7936K, reserved 1048576K
}
Event: 14.069 GC heap after
{Heap after GC invocations=135 (full 9):
 PSYoungGen      total 14848K, used 3581K [0x00000000eab00000, 0x00000000ec600000, 0x0000000100000000)
  eden space 11264K, 0% used [0x00000000eab00000,0x00000000eab00000,0x00000000eb600000)
  from space 3584K, 99% used [0x00000000ebc80000,0x00000000ebfff5c0,0x00000000ec000000)
  to   space 6656K, 0% used [0x00000000eb600000,0x00000000eb600000,0x00000000ebc80000)
 ParOldGen       total 189952K, used 187453K [0x00000000c0000000, 0x00000000cb980000, 0x00000000eab00000)
  object space 189952K, 98% used [0x00000000c0000000,0x00000000cb70f478,0x00000000cb980000)
 Metaspace       used 64443K, committed 65536K, reserved 1114112K
  class space    used 7428K, committed 7936K, reserved 1048576K
}
Event: 14.069 GC heap before
{Heap before GC invocations=136 (full 10):
 PSYoungGen      total 14848K, used 3581K [0x00000000eab00000, 0x00000000ec600000, 0x0000000100000000)
  eden space 11264K, 0% used [0x00000000eab00000,0x00000000eab00000,0x00000000eb600000)
  from space 3584K, 99% used [0x00000000ebc80000,0x00000000ebfff5c0,0x00000000ec000000)
  to   space 6656K, 0% used [0x00000000eb600000,0x00000000eb600000,0x00000000ebc80000)
 ParOldGen       total 189952K, used 187453K [0x00000000c0000000, 0x00000000cb980000, 0x00000000eab00000)
  object space 189952K, 98% used [0x00000000c0000000,0x00000000cb70f478,0x00000000cb980000)
 Metaspace       used 64443K, committed 65536K, reserved 1114112K
  class space    used 7428K, committed 7936K, reserved 1048576K
}
Event: 14.238 GC heap after
{Heap after GC invocations=136 (full 10):
 PSYoungGen      total 14848K, used 479K [0x00000000eab00000, 0x00000000ec400000, 0x0000000100000000)
  eden space 11264K, 0% used [0x00000000eab00000,0x00000000eab00000,0x00000000eb600000)
  from space 3584K, 13% used [0x00000000ebc80000,0x00000000ebcf7d58,0x00000000ec000000)
  to   space 6656K, 0% used [0x00000000eb600000,0x00000000eb600000,0x00000000ebc80000)
 ParOldGen       total 189952K, used 189657K [0x00000000c0000000, 0x00000000cb980000, 0x00000000eab00000)
  object space 189952K, 99% used [0x00000000c0000000,0x00000000cb936750,0x00000000cb980000)
 Metaspace       used 64443K, committed 65536K, reserved 1114112K
  class space    used 7428K, committed 7936K, reserved 1048576K
}
Event: 14.277 GC heap before
{Heap before GC invocations=137 (full 11):
 PSYoungGen      total 14848K, used 11743K [0x00000000eab00000, 0x00000000ec400000, 0x0000000100000000)
  eden space 11264K, 100% used [0x00000000eab00000,0x00000000eb600000,0x00000000eb600000)
  from space 3584K, 13% used [0x00000000ebc80000,0x00000000ebcf7d58,0x00000000ec000000)
  to   space 6656K, 0% used [0x00000000eb600000,0x00000000eb600000,0x00000000ebc80000)
 ParOldGen       total 189952K, used 189657K [0x00000000c0000000, 0x00000000cb980000, 0x00000000eab00000)
  object space 189952K, 99% used [0x00000000c0000000,0x00000000cb936750,0x00000000cb980000)
 Metaspace       used 64443K, committed 65536K, reserved 1114112K
  class space    used 7428K, committed 7936K, reserved 1048576K
}
Event: 14.358 GC heap after
{Heap after GC invocations=137 (full 11):
 PSYoungGen      total 17920K, used 2370K [0x00000000eab00000, 0x00000000ec400000, 0x0000000100000000)
  eden space 11264K, 21% used [0x00000000eab00000,0x00000000ead50868,0x00000000eb600000)
  from space 6656K, 0% used [0x00000000eb600000,0x00000000eb600000,0x00000000ebc80000)
  to   space 3584K, 0% used [0x00000000ebc80000,0x00000000ebc80000,0x00000000ec000000)
 ParOldGen       total 189952K, used 189883K [0x00000000c0000000, 0x00000000cb980000, 0x00000000eab00000)
  object space 189952K, 99% used [0x00000000c0000000,0x00000000cb96ec28,0x00000000cb980000)
 Metaspace       used 64443K, committed 65536K, reserved 1114112K
  class space    used 7428K, committed 7936K, reserved 1048576K
}

