# JRE version: OpenJDK Runtime Environment Temurin-17.0.10+7 (17.0.10+7) (build 17.0.10+7)
# Java VM: OpenJDK 64-Bit Server VM Temurin-17.0.10+7 (17.0.10+7, mixed mode, tiered, compressed oops, compressed class ptrs, parallel gc, windows-amd64)
GC Precious Log:
 CPUs: 12 total, 12 available
 Memory: 16295M
 Large Page Support: Disabled
 NUMA Support: Disabled
 Compressed Oops: Enabled (32-bit)
 Alignments: Space 512K, Generation 512K, Heap 2M
 Heap Min Capacity: 100M
 Heap Initial Capacity: 100M
 Heap Max Capacity: 1G
 Pre-touch: Disabled
 Parallel Workers: 10
Heap:
 PSYoungGen      total 59392K, used 10305K [0x00000000eab00000, 0x00000000eff00000, 0x0000000100000000)
  eden space 36864K, 27% used [0x00000000eab00000,0x00000000eb510608,0x00000000ecf00000)
  from space 22528K, 0% used [0x00000000ee880000,0x00000000ee880000,0x00000000efe80000)
  to   space 24576K, 0% used [0x00000000ecf00000,0x00000000ecf00000,0x00000000ee700000)
 ParOldGen       total 345088K, used 170103K [0x00000000c0000000, 0x00000000d5100000, 0x00000000eab00000)
  object space 345088K, 49% used [0x00000000c0000000,0x00000000ca61df70,0x00000000d5100000)
 Metaspace       used 63999K, committed 65088K, reserved 1114112K
  class space    used 7398K, committed 7872K, reserved 1048576K
GC Heap History (20 events):
Event: 8.317 GC heap before
{Heap before GC invocations=110 (full 7):
 PSYoungGen      total 44032K, used 43873K [0x00000000eab00000, 0x00000000ee380000, 0x0000000100000000)
  eden space 36352K, 100% used [0x00000000eab00000,0x00000000ece80000,0x00000000ece80000)
  from space 7680K, 97% used [0x00000000edc00000,0x00000000ee358410,0x00000000ee380000)
  to   space 10240K, 0% used [0x00000000ecf80000,0x00000000ecf80000,0x00000000ed980000)
 ParOldGen       total 258048K, used 196371K [0x00000000c0000000, 0x00000000cfc00000, 0x00000000eab00000)
  object space 258048K, 76% used [0x00000000c0000000,0x00000000cbfc4cb0,0x00000000cfc00000)
 Metaspace       used 63557K, committed 64576K, reserved 1114112K
  class space    used 7352K, committed 7808K, reserved 1048576K
}
Event: 8.325 GC heap after
{Heap after GC invocations=110 (full 7):
 PSYoungGen      total 47616K, used 8030K [0x00000000eab00000, 0x00000000ee380000, 0x0000000100000000)
  eden space 37376K, 0% used [0x00000000eab00000,0x00000000eab00000,0x00000000ecf80000)
  from space 10240K, 78% used [0x00000000ecf80000,0x00000000ed757958,0x00000000ed980000)
  to   space 8704K, 0% used [0x00000000edb00000,0x00000000edb00000,0x00000000ee380000)
 ParOldGen       total 258048K, used 203851K [0x00000000c0000000, 0x00000000cfc00000, 0x00000000eab00000)
  object space 258048K, 78% used [0x00000000c0000000,0x00000000cc712da8,0x00000000cfc00000)
 Metaspace       used 63557K, committed 64576K, reserved 1114112K
  class space    used 7352K, committed 7808K, reserved 1048576K
}
Event: 8.386 GC heap before
{Heap before GC invocations=111 (full 7):
 PSYoungGen      total 47616K, used 45406K [0x00000000eab00000, 0x00000000ee380000, 0x0000000100000000)
  eden space 37376K, 100% used [0x00000000eab00000,0x00000000ecf80000,0x00000000ecf80000)
  from space 10240K, 78% used [0x00000000ecf80000,0x00000000ed757958,0x00000000ed980000)
  to   space 8704K, 0% used [0x00000000edb00000,0x00000000edb00000,0x00000000ee380000)
 ParOldGen       total 258048K, used 203851K [0x00000000c0000000, 0x00000000cfc00000, 0x00000000eab00000)
  object space 258048K, 78% used [0x00000000c0000000,0x00000000cc712da8,0x00000000cfc00000)
 Metaspace       used 63557K, committed 64576K, reserved 1114112K
  class space    used 7352K, committed 7808K, reserved 1048576K
}
Event: 8.395 GC heap after
{Heap after GC invocations=111 (full 7):
 PSYoungGen      total 49152K, used 8247K [0x00000000eab00000, 0x00000000ee480000, 0x0000000100000000)
  eden space 40448K, 0% used [0x00000000eab00000,0x00000000eab00000,0x00000000ed280000)
  from space 8704K, 94% used [0x00000000edb00000,0x00000000ee30dfd0,0x00000000ee380000)
  to   space 8704K, 0% used [0x00000000ed280000,0x00000000ed280000,0x00000000edb00000)
 ParOldGen       total 258048K, used 211796K [0x00000000c0000000, 0x00000000cfc00000, 0x00000000eab00000)
  object space 258048K, 82% used [0x00000000c0000000,0x00000000cced5358,0x00000000cfc00000)
 Metaspace       used 63557K, committed 64576K, reserved 1114112K
  class space    used 7352K, committed 7808K, reserved 1048576K
}
Event: 8.461 GC heap before
{Heap before GC invocations=112 (full 7):
 PSYoungGen      total 49152K, used 48695K [0x00000000eab00000, 0x00000000ee480000, 0x0000000100000000)
  eden space 40448K, 100% used [0x00000000eab00000,0x00000000ed280000,0x00000000ed280000)
  from space 8704K, 94% used [0x00000000edb00000,0x00000000ee30dfd0,0x00000000ee380000)
  to   space 8704K, 0% used [0x00000000ed280000,0x00000000ed280000,0x00000000edb00000)
 ParOldGen       total 258048K, used 211796K [0x00000000c0000000, 0x00000000cfc00000, 0x00000000eab00000)
  object space 258048K, 82% used [0x00000000c0000000,0x00000000cced5358,0x00000000cfc00000)
 Metaspace       used 63557K, committed 64576K, reserved 1114112K
  class space    used 7352K, committed 7808K, reserved 1048576K
}
Event: 8.470 GC heap after
{Heap after GC invocations=112 (full 7):
 PSYoungGen      total 49152K, used 8683K [0x00000000eab00000, 0x00000000efb00000, 0x0000000100000000)
  eden space 40448K, 0% used [0x00000000eab00000,0x00000000eab00000,0x00000000ed280000)
  from space 8704K, 99% used [0x00000000ed280000,0x00000000edafaca0,0x00000000edb00000)
  to   space 18432K, 0% used [0x00000000ee900000,0x00000000ee900000,0x00000000efb00000)
 ParOldGen       total 258048K, used 219982K [0x00000000c0000000, 0x00000000cfc00000, 0x00000000eab00000)
  object space 258048K, 85% used [0x00000000c0000000,0x00000000cd6d3b40,0x00000000cfc00000)
 Metaspace       used 63557K, committed 64576K, reserved 1114112K
  class space    used 7352K, committed 7808K, reserved 1048576K
}
Event: 8.550 GC heap before
{Heap before GC invocations=113 (full 7):
 PSYoungGen      total 49152K, used 49131K [0x00000000eab00000, 0x00000000efb00000, 0x0000000100000000)
  eden space 40448K, 100% used [0x00000000eab00000,0x00000000ed280000,0x00000000ed280000)
  from space 8704K, 99% used [0x00000000ed280000,0x00000000edafaca0,0x00000000edb00000)
  to   space 18432K, 0% used [0x00000000ee900000,0x00000000ee900000,0x00000000efb00000)
 ParOldGen       total 258048K, used 219982K [0x00000000c0000000, 0x00000000cfc00000, 0x00000000eab00000)
  object space 258048K, 85% used [0x00000000c0000000,0x00000000cd6d3b40,0x00000000cfc00000)
 Metaspace       used 63577K, committed 64640K, reserved 1114112K
  class space    used 7353K, committed 7808K, reserved 1048576K
}
Event: 8.560 GC heap after
{Heap after GC invocations=113 (full 7):
 PSYoungGen      total 53760K, used 8785K [0x00000000eab00000, 0x00000000ef200000, 0x0000000100000000)
  eden space 44544K, 0% used [0x00000000eab00000,0x00000000eab00000,0x00000000ed680000)
  from space 9216K, 95% used [0x00000000ee900000,0x00000000ef1946a0,0x00000000ef200000)
  to   space 11776K, 0% used [0x00000000edb00000,0x00000000edb00000,0x00000000ee680000)
 ParOldGen       total 258048K, used 228460K [0x00000000c0000000, 0x00000000cfc00000, 0x00000000eab00000)
  object space 258048K, 88% used [0x00000000c0000000,0x00000000cdf1b278,0x00000000cfc00000)
 Metaspace       used 63577K, committed 64640K, reserved 1114112K
  class space    used 7353K, committed 7808K, reserved 1048576K
}
Event: 8.636 GC heap before
{Heap before GC invocations=114 (full 7):
 PSYoungGen      total 53760K, used 53329K [0x00000000eab00000, 0x00000000ef200000, 0x0000000100000000)
  eden space 44544K, 100% used [0x00000000eab00000,0x00000000ed680000,0x00000000ed680000)
  from space 9216K, 95% used [0x00000000ee900000,0x00000000ef1946a0,0x00000000ef200000)
  to   space 11776K, 0% used [0x00000000edb00000,0x00000000edb00000,0x00000000ee680000)
 ParOldGen       total 258048K, used 228460K [0x00000000c0000000, 0x00000000cfc00000, 0x00000000eab00000)
  object space 258048K, 88% used [0x00000000c0000000,0x00000000cdf1b278,0x00000000cfc00000)
 Metaspace       used 63588K, committed 64640K, reserved 1114112K
  class space    used 7353K, committed 7808K, reserved 1048576K
}
Event: 8.645 GC heap after
{Heap after GC invocations=114 (full 7):
 PSYoungGen      total 59392K, used 9832K [0x00000000eab00000, 0x00000000eef00000, 0x0000000100000000)
  eden space 49152K, 0% used [0x00000000eab00000,0x00000000eab00000,0x00000000edb00000)
  from space 10240K, 96% used [0x00000000edb00000,0x00000000ee49a2a8,0x00000000ee500000)
  to   space 10240K, 0% used [0x00000000ee500000,0x00000000ee500000,0x00000000eef00000)
 ParOldGen       total 258048K, used 237024K [0x00000000c0000000, 0x00000000cfc00000, 0x00000000eab00000)
  object space 258048K, 91% used [0x00000000c0000000,0x00000000ce7783a8,0x00000000cfc00000)
 Metaspace       used 63588K, committed 64640K, reserved 1114112K
  class space    used 7353K, committed 7808K, reserved 1048576K
}
Event: 8.732 GC heap before
{Heap before GC invocations=115 (full 7):
 PSYoungGen      total 59392K, used 58984K [0x00000000eab00000, 0x00000000eef00000, 0x0000000100000000)
  eden space 49152K, 100% used [0x00000000eab00000,0x00000000edb00000,0x00000000edb00000)
  from space 10240K, 96% used [0x00000000edb00000,0x00000000ee49a2a8,0x00000000ee500000)
  to   space 10240K, 0% used [0x00000000ee500000,0x00000000ee500000,0x00000000eef00000)
 ParOldGen       total 258048K, used 237024K [0x00000000c0000000, 0x00000000cfc00000, 0x00000000eab00000)
  object space 258048K, 91% used [0x00000000c0000000,0x00000000ce7783a8,0x00000000cfc00000)
 Metaspace       used 63588K, committed 64640K, reserved 1114112K
  class space    used 7353K, committed 7808K, reserved 1048576K
}
Event: 8.743 GC heap after
{Heap after GC invocations=115 (full 7):
 PSYoungGen      total 45056K, used 10236K [0x00000000eab00000, 0x00000000f1000000, 0x0000000100000000)
  eden space 34816K, 0% used [0x00000000eab00000,0x00000000eab00000,0x00000000ecd00000)
  from space 10240K, 99% used [0x00000000ee500000,0x00000000eeeff308,0x00000000eef00000)
  to   space 24576K, 0% used [0x00000000ecd00000,0x00000000ecd00000,0x00000000ee500000)
 ParOldGen       total 258048K, used 248839K [0x00000000c0000000, 0x00000000cfc00000, 0x00000000eab00000)
  object space 258048K, 96% used [0x00000000c0000000,0x00000000cf301da8,0x00000000cfc00000)
 Metaspace       used 63588K, committed 64640K, reserved 1114112K
  class space    used 7353K, committed 7808K, reserved 1048576K
}
Event: 8.743 GC heap before
{Heap before GC invocations=116 (full 8):
 PSYoungGen      total 45056K, used 10236K [0x00000000eab00000, 0x00000000f1000000, 0x0000000100000000)
  eden space 34816K, 0% used [0x00000000eab00000,0x00000000eab00000,0x00000000ecd00000)
  from space 10240K, 99% used [0x00000000ee500000,0x00000000eeeff308,0x00000000eef00000)
  to   space 24576K, 0% used [0x00000000ecd00000,0x00000000ecd00000,0x00000000ee500000)
 ParOldGen       total 258048K, used 248839K [0x00000000c0000000, 0x00000000cfc00000, 0x00000000eab00000)
  object space 258048K, 96% used [0x00000000c0000000,0x00000000cf301da8,0x00000000cfc00000)
 Metaspace       used 63588K, committed 64640K, reserved 1114112K
  class space    used 7353K, committed 7808K, reserved 1048576K
}
Event: 8.883 GC heap after
{Heap after GC invocations=116 (full 8):
 PSYoungGen      total 59392K, used 0K [0x00000000eab00000, 0x00000000f0080000, 0x0000000100000000)
  eden space 34816K, 0% used [0x00000000eab00000,0x00000000eab00000,0x00000000ecd00000)
  from space 24576K, 0% used [0x00000000ecd00000,0x00000000ecd00000,0x00000000ee500000)
  to   space 24576K, 0% used [0x00000000ee880000,0x00000000ee880000,0x00000000f0080000)
 ParOldGen       total 258048K, used 256022K [0x00000000c0000000, 0x00000000cfc00000, 0x00000000eab00000)
  object space 258048K, 99% used [0x00000000c0000000,0x00000000cfa058e0,0x00000000cfc00000)
 Metaspace       used 63588K, committed 64640K, reserved 1114112K
  class space    used 7353K, committed 7808K, reserved 1048576K
}
Event: 8.918 GC heap before
{Heap before GC invocations=117 (full 9):
 PSYoungGen      total 59392K, used 34816K [0x00000000eab00000, 0x00000000f0080000, 0x0000000100000000)
  eden space 34816K, 100% used [0x00000000eab00000,0x00000000ecd00000,0x00000000ecd00000)
  from space 24576K, 0% used [0x00000000ecd00000,0x00000000ecd00000,0x00000000ee500000)
  to   space 24576K, 0% used [0x00000000ee880000,0x00000000ee880000,0x00000000f0080000)
 ParOldGen       total 258048K, used 256022K [0x00000000c0000000, 0x00000000cfc00000, 0x00000000eab00000)
  object space 258048K, 99% used [0x00000000c0000000,0x00000000cfa058e0,0x00000000cfc00000)
 Metaspace       used 63588K, committed 64640K, reserved 1114112K
  class space    used 7353K, committed 7808K, reserved 1048576K
}
Event: 9.077 GC heap after
{Heap after GC invocations=117 (full 9):
 PSYoungGen      total 57856K, used 8919K [0x00000000eab00000, 0x00000000eff00000, 0x0000000100000000)
  eden space 34816K, 25% used [0x00000000eab00000,0x00000000eb3b5c38,0x00000000ecd00000)
  from space 23040K, 0% used [0x00000000ee880000,0x00000000ee880000,0x00000000eff00000)
  to   space 24576K, 0% used [0x00000000ecd00000,0x00000000ecd00000,0x00000000ee500000)
 ParOldGen       total 258048K, used 258007K [0x00000000c0000000, 0x00000000cfc00000, 0x00000000eab00000)
  object space 258048K, 99% used [0x00000000c0000000,0x00000000cfbf5e68,0x00000000cfc00000)
 Metaspace       used 63588K, committed 64640K, reserved 1114112K
  class space    used 7353K, committed 7808K, reserved 1048576K
}
Event: 9.096 GC heap before
{Heap before GC invocations=118 (full 10):
 PSYoungGen      total 57856K, used 34816K [0x00000000eab00000, 0x00000000eff00000, 0x0000000100000000)
  eden space 34816K, 100% used [0x00000000eab00000,0x00000000ecd00000,0x00000000ecd00000)
  from space 23040K, 0% used [0x00000000ee880000,0x00000000ee880000,0x00000000eff00000)
  to   space 24576K, 0% used [0x00000000ecd00000,0x00000000ecd00000,0x00000000ee500000)
 ParOldGen       total 258048K, used 258007K [0x00000000c0000000, 0x00000000cfc00000, 0x00000000eab00000)
  object space 258048K, 99% used [0x00000000c0000000,0x00000000cfbf5e68,0x00000000cfc00000)
 Metaspace       used 63588K, committed 64640K, reserved 1114112K
  class space    used 7353K, committed 7808K, reserved 1048576K
}
Event: 9.160 GC heap after
{Heap after GC invocations=118 (full 10):
 PSYoungGen      total 59392K, used 19089K [0x00000000eab00000, 0x00000000efe80000, 0x0000000100000000)
  eden space 34816K, 54% used [0x00000000eab00000,0x00000000ebda47b8,0x00000000ecd00000)
  from space 24576K, 0% used [0x00000000ecd00000,0x00000000ecd00000,0x00000000ee500000)
  to   space 22528K, 0% used [0x00000000ee880000,0x00000000ee880000,0x00000000efe80000)
 ParOldGen       total 258048K, used 258007K [0x00000000c0000000, 0x00000000cfc00000, 0x00000000eab00000)
  object space 258048K, 99% used [0x00000000c0000000,0x00000000cfbf5dc8,0x00000000cfc00000)
 Metaspace       used 63588K, committed 64640K, reserved 1114112K
  class space    used 7353K, committed 7808K, reserved 1048576K
}
Event: 10.615 GC heap before
{Heap before GC invocations=119 (full 11):
 PSYoungGen      total 59392K, used 34816K [0x00000000eab00000, 0x00000000efe80000, 0x0000000100000000)
  eden space 34816K, 100% used [0x00000000eab00000,0x00000000ecd00000,0x00000000ecd00000)
  from space 24576K, 0% used [0x00000000ecd00000,0x00000000ecd00000,0x00000000ee500000)
  to   space 22528K, 0% used [0x00000000ee880000,0x00000000ee880000,0x00000000efe80000)
 ParOldGen       total 258048K, used 258007K [0x00000000c0000000, 0x00000000cfc00000, 0x00000000eab00000)
  object space 258048K, 99% used [0x00000000c0000000,0x00000000cfbf5dc8,0x00000000cfc00000)
 Metaspace       used 63744K, committed 64768K, reserved 1114112K
  class space    used 7360K, committed 7808K, reserved 1048576K
}
Event: 10.675 GC heap after
{Heap after GC invocations=119 (full 11):
 PSYoungGen      total 59392K, used 0K [0x00000000eab00000, 0x00000000eff00000, 0x0000000100000000)
  eden space 36864K, 0% used [0x00000000eab00000,0x00000000eab00000,0x00000000ecf00000)
  from space 22528K, 0% used [0x00000000ee880000,0x00000000ee880000,0x00000000efe80000)
  to   space 24576K, 0% used [0x00000000ecf00000,0x00000000ecf00000,0x00000000ee700000)
 ParOldGen       total 345088K, used 170103K [0x00000000c0000000, 0x00000000d5100000, 0x00000000eab00000)
  object space 345088K, 49% used [0x00000000c0000000,0x00000000ca61df70,0x00000000d5100000)
 Metaspace       used 63744K, committed 64768K, reserved 1114112K
  class space    used 7360K, committed 7808K, reserved 1048576K
}

