# JRE version: OpenJDK Runtime Environment Temurin-17.0.10+7 (17.0.10+7) (build 17.0.10+7)
# Java VM: OpenJDK 64-Bit Server VM Temurin-17.0.10+7 (17.0.10+7, mixed mode, tiered, compressed oops, compressed class ptrs, parallel gc, windows-amd64)
GC Precious Log:
 CPUs: 12 total, 12 available
 Memory: 16295M
 Large Page Support: Disabled
 NUMA Support: Disabled
 Compressed Oops: Enabled (32-bit)
 Alignments: Space 512K, Generation 512K, Heap 2M
 Heap Min Capacity: 100M
 Heap Initial Capacity: 100M
 Heap Max Capacity: 1G
 Pre-touch: Disabled
 Parallel Workers: 10
Heap:
 PSYoungGen      total 35840K, used 17872K [0x00000000eab00000, 0x00000000ed900000, 0x0000000100000000)
  eden space 30720K, 42% used [0x00000000eab00000,0x00000000eb79c220,0x00000000ec900000)
  from space 5120K, 96% used [0x00000000ec900000,0x00000000ecdd8138,0x00000000ece00000)
  to   space 6656K, 0% used [0x00000000ed280000,0x00000000ed280000,0x00000000ed900000)
 ParOldGen       total 236032K, used 215804K [0x00000000c0000000, 0x00000000ce680000, 0x00000000eab00000)
  object space 236032K, 91% used [0x00000000c0000000,0x00000000cd2bf1d8,0x00000000ce680000)
 Metaspace       used 63985K, committed 65088K, reserved 1114112K
  class space    used 7286K, committed 7744K, reserved 1048576K
GC Heap History (20 events):
Event: 10.963 GC heap before
{Heap before GC invocations=106 (full 7):
 PSYoungGen      total 21504K, used 21323K [0x00000000eab00000, 0x00000000ec480000, 0x0000000100000000)
  eden space 18944K, 100% used [0x00000000eab00000,0x00000000ebd80000,0x00000000ebd80000)
  from space 2560K, 92% used [0x00000000ebd80000,0x00000000ebfd2d20,0x00000000ec000000)
  to   space 2560K, 0% used [0x00000000ec200000,0x00000000ec200000,0x00000000ec480000)
 ParOldGen       total 202240K, used 193101K [0x00000000c0000000, 0x00000000cc580000, 0x00000000eab00000)
  object space 202240K, 95% used [0x00000000c0000000,0x00000000cbc936e8,0x00000000cc580000)
 Metaspace       used 63239K, committed 64320K, reserved 1114112K
  class space    used 7207K, committed 7680K, reserved 1048576K
}
Event: 10.968 GC heap after
{Heap after GC invocations=106 (full 7):
 PSYoungGen      total 23552K, used 2280K [0x00000000eab00000, 0x00000000ec500000, 0x0000000100000000)
  eden space 20992K, 0% used [0x00000000eab00000,0x00000000eab00000,0x00000000ebf80000)
  from space 2560K, 89% used [0x00000000ec200000,0x00000000ec43a1b8,0x00000000ec480000)
  to   space 2560K, 0% used [0x00000000ebf80000,0x00000000ebf80000,0x00000000ec200000)
 ParOldGen       total 202240K, used 195334K [0x00000000c0000000, 0x00000000cc580000, 0x00000000eab00000)
  object space 202240K, 96% used [0x00000000c0000000,0x00000000cbec1a48,0x00000000cc580000)
 Metaspace       used 63239K, committed 64320K, reserved 1114112K
  class space    used 7207K, committed 7680K, reserved 1048576K
}
Event: 11.007 GC heap before
{Heap before GC invocations=107 (full 7):
 PSYoungGen      total 23552K, used 23272K [0x00000000eab00000, 0x00000000ec500000, 0x0000000100000000)
  eden space 20992K, 100% used [0x00000000eab00000,0x00000000ebf80000,0x00000000ebf80000)
  from space 2560K, 89% used [0x00000000ec200000,0x00000000ec43a1b8,0x00000000ec480000)
  to   space 2560K, 0% used [0x00000000ebf80000,0x00000000ebf80000,0x00000000ec200000)
 ParOldGen       total 202240K, used 195334K [0x00000000c0000000, 0x00000000cc580000, 0x00000000eab00000)
  object space 202240K, 96% used [0x00000000c0000000,0x00000000cbec1a48,0x00000000cc580000)
 Metaspace       used 63239K, committed 64320K, reserved 1114112K
  class space    used 7207K, committed 7680K, reserved 1048576K
}
Event: 11.010 GC heap after
{Heap after GC invocations=107 (full 7):
 PSYoungGen      total 23552K, used 2558K [0x00000000eab00000, 0x00000000ecc00000, 0x0000000100000000)
  eden space 20992K, 0% used [0x00000000eab00000,0x00000000eab00000,0x00000000ebf80000)
  from space 2560K, 99% used [0x00000000ebf80000,0x00000000ec1ff970,0x00000000ec200000)
  to   space 5120K, 0% used [0x00000000ec700000,0x00000000ec700000,0x00000000ecc00000)
 ParOldGen       total 202240K, used 197421K [0x00000000c0000000, 0x00000000cc580000, 0x00000000eab00000)
  object space 202240K, 97% used [0x00000000c0000000,0x00000000cc0cb608,0x00000000cc580000)
 Metaspace       used 63239K, committed 64320K, reserved 1114112K
  class space    used 7207K, committed 7680K, reserved 1048576K
}
Event: 11.036 GC heap before
{Heap before GC invocations=108 (full 7):
 PSYoungGen      total 23552K, used 23550K [0x00000000eab00000, 0x00000000ecc00000, 0x0000000100000000)
  eden space 20992K, 100% used [0x00000000eab00000,0x00000000ebf80000,0x00000000ebf80000)
  from space 2560K, 99% used [0x00000000ebf80000,0x00000000ec1ff970,0x00000000ec200000)
  to   space 5120K, 0% used [0x00000000ec700000,0x00000000ec700000,0x00000000ecc00000)
 ParOldGen       total 202240K, used 197421K [0x00000000c0000000, 0x00000000cc580000, 0x00000000eab00000)
  object space 202240K, 97% used [0x00000000c0000000,0x00000000cc0cb608,0x00000000cc580000)
 Metaspace       used 63241K, committed 64320K, reserved 1114112K
  class space    used 7208K, committed 7680K, reserved 1048576K
}
Event: 11.041 GC heap after
{Heap after GC invocations=108 (full 7):
 PSYoungGen      total 27136K, used 3214K [0x00000000eab00000, 0x00000000eca80000, 0x0000000100000000)
  eden space 23552K, 0% used [0x00000000eab00000,0x00000000eab00000,0x00000000ec200000)
  from space 3584K, 89% used [0x00000000ec700000,0x00000000eca23928,0x00000000eca80000)
  to   space 4096K, 0% used [0x00000000ec280000,0x00000000ec280000,0x00000000ec680000)
 ParOldGen       total 202240K, used 199835K [0x00000000c0000000, 0x00000000cc580000, 0x00000000eab00000)
  object space 202240K, 98% used [0x00000000c0000000,0x00000000cc326cc8,0x00000000cc580000)
 Metaspace       used 63241K, committed 64320K, reserved 1114112K
  class space    used 7208K, committed 7680K, reserved 1048576K
}
Event: 11.041 GC heap before
{Heap before GC invocations=109 (full 8):
 PSYoungGen      total 27136K, used 3214K [0x00000000eab00000, 0x00000000eca80000, 0x0000000100000000)
  eden space 23552K, 0% used [0x00000000eab00000,0x00000000eab00000,0x00000000ec200000)
  from space 3584K, 89% used [0x00000000ec700000,0x00000000eca23928,0x00000000eca80000)
  to   space 4096K, 0% used [0x00000000ec280000,0x00000000ec280000,0x00000000ec680000)
 ParOldGen       total 202240K, used 199835K [0x00000000c0000000, 0x00000000cc580000, 0x00000000eab00000)
  object space 202240K, 98% used [0x00000000c0000000,0x00000000cc326cc8,0x00000000cc580000)
 Metaspace       used 63241K, committed 64320K, reserved 1114112K
  class space    used 7208K, committed 7680K, reserved 1048576K
}
Event: 11.127 GC heap after
{Heap after GC invocations=109 (full 8):
 PSYoungGen      total 28160K, used 0K [0x00000000eab00000, 0x00000000ecd00000, 0x0000000100000000)
  eden space 24064K, 0% used [0x00000000eab00000,0x00000000eab00000,0x00000000ec280000)
  from space 4096K, 0% used [0x00000000ec280000,0x00000000ec280000,0x00000000ec680000)
  to   space 4096K, 0% used [0x00000000ec900000,0x00000000ec900000,0x00000000ecd00000)
 ParOldGen       total 236032K, used 197014K [0x00000000c0000000, 0x00000000ce680000, 0x00000000eab00000)
  object space 236032K, 83% used [0x00000000c0000000,0x00000000cc0658f0,0x00000000ce680000)
 Metaspace       used 63241K, committed 64320K, reserved 1114112K
  class space    used 7208K, committed 7680K, reserved 1048576K
}
Event: 11.163 GC heap before
{Heap before GC invocations=110 (full 8):
 PSYoungGen      total 28160K, used 24064K [0x00000000eab00000, 0x00000000ecd00000, 0x0000000100000000)
  eden space 24064K, 100% used [0x00000000eab00000,0x00000000ec280000,0x00000000ec280000)
  from space 4096K, 0% used [0x00000000ec280000,0x00000000ec280000,0x00000000ec680000)
  to   space 4096K, 0% used [0x00000000ec900000,0x00000000ec900000,0x00000000ecd00000)
 ParOldGen       total 236032K, used 197014K [0x00000000c0000000, 0x00000000ce680000, 0x00000000eab00000)
  object space 236032K, 83% used [0x00000000c0000000,0x00000000cc0658f0,0x00000000ce680000)
 Metaspace       used 63242K, committed 64320K, reserved 1114112K
  class space    used 7208K, committed 7680K, reserved 1048576K
}
Event: 11.167 GC heap after
{Heap after GC invocations=110 (full 8):
 PSYoungGen      total 30720K, used 3525K [0x00000000eab00000, 0x00000000ecd00000, 0x0000000100000000)
  eden space 26624K, 0% used [0x00000000eab00000,0x00000000eab00000,0x00000000ec500000)
  from space 4096K, 86% used [0x00000000ec900000,0x00000000ecc716e0,0x00000000ecd00000)
  to   space 4096K, 0% used [0x00000000ec500000,0x00000000ec500000,0x00000000ec900000)
 ParOldGen       total 236032K, used 197014K [0x00000000c0000000, 0x00000000ce680000, 0x00000000eab00000)
  object space 236032K, 83% used [0x00000000c0000000,0x00000000cc0658f0,0x00000000ce680000)
 Metaspace       used 63242K, committed 64320K, reserved 1114112K
  class space    used 7208K, committed 7680K, reserved 1048576K
}
Event: 11.206 GC heap before
{Heap before GC invocations=111 (full 8):
 PSYoungGen      total 30720K, used 30149K [0x00000000eab00000, 0x00000000ecd00000, 0x0000000100000000)
  eden space 26624K, 100% used [0x00000000eab00000,0x00000000ec500000,0x00000000ec500000)
  from space 4096K, 86% used [0x00000000ec900000,0x00000000ecc716e0,0x00000000ecd00000)
  to   space 4096K, 0% used [0x00000000ec500000,0x00000000ec500000,0x00000000ec900000)
 ParOldGen       total 236032K, used 197014K [0x00000000c0000000, 0x00000000ce680000, 0x00000000eab00000)
  object space 236032K, 83% used [0x00000000c0000000,0x00000000cc0658f0,0x00000000ce680000)
 Metaspace       used 63242K, committed 64320K, reserved 1114112K
  class space    used 7208K, committed 7680K, reserved 1048576K
}
Event: 11.210 GC heap after
{Heap after GC invocations=111 (full 8):
 PSYoungGen      total 30720K, used 4094K [0x00000000eab00000, 0x00000000ed700000, 0x0000000100000000)
  eden space 26624K, 0% used [0x00000000eab00000,0x00000000eab00000,0x00000000ec500000)
  from space 4096K, 99% used [0x00000000ec500000,0x00000000ec8ffaf8,0x00000000ec900000)
  to   space 7680K, 0% used [0x00000000ecf80000,0x00000000ecf80000,0x00000000ed700000)
 ParOldGen       total 236032K, used 199844K [0x00000000c0000000, 0x00000000ce680000, 0x00000000eab00000)
  object space 236032K, 84% used [0x00000000c0000000,0x00000000cc3290e8,0x00000000ce680000)
 Metaspace       used 63242K, committed 64320K, reserved 1114112K
  class space    used 7208K, committed 7680K, reserved 1048576K
}
Event: 11.242 GC heap before
{Heap before GC invocations=112 (full 8):
 PSYoungGen      total 30720K, used 30718K [0x00000000eab00000, 0x00000000ed700000, 0x0000000100000000)
  eden space 26624K, 100% used [0x00000000eab00000,0x00000000ec500000,0x00000000ec500000)
  from space 4096K, 99% used [0x00000000ec500000,0x00000000ec8ffaf8,0x00000000ec900000)
  to   space 7680K, 0% used [0x00000000ecf80000,0x00000000ecf80000,0x00000000ed700000)
 ParOldGen       total 236032K, used 199844K [0x00000000c0000000, 0x00000000ce680000, 0x00000000eab00000)
  object space 236032K, 84% used [0x00000000c0000000,0x00000000cc3290e8,0x00000000ce680000)
 Metaspace       used 63242K, committed 64320K, reserved 1114112K
  class space    used 7208K, committed 7680K, reserved 1048576K
}
Event: 11.247 GC heap after
{Heap after GC invocations=112 (full 8):
 PSYoungGen      total 33280K, used 3503K [0x00000000eab00000, 0x00000000ed300000, 0x0000000100000000)
  eden space 29696K, 0% used [0x00000000eab00000,0x00000000eab00000,0x00000000ec800000)
  from space 3584K, 97% used [0x00000000ecf80000,0x00000000ed2ebc10,0x00000000ed300000)
  to   space 5120K, 0% used [0x00000000ec900000,0x00000000ec900000,0x00000000ece00000)
 ParOldGen       total 236032K, used 203746K [0x00000000c0000000, 0x00000000ce680000, 0x00000000eab00000)
  object space 236032K, 86% used [0x00000000c0000000,0x00000000cc6f8b98,0x00000000ce680000)
 Metaspace       used 63242K, committed 64320K, reserved 1114112K
  class space    used 7208K, committed 7680K, reserved 1048576K
}
Event: 11.284 GC heap before
{Heap before GC invocations=113 (full 8):
 PSYoungGen      total 33280K, used 33199K [0x00000000eab00000, 0x00000000ed300000, 0x0000000100000000)
  eden space 29696K, 100% used [0x00000000eab00000,0x00000000ec800000,0x00000000ec800000)
  from space 3584K, 97% used [0x00000000ecf80000,0x00000000ed2ebc10,0x00000000ed300000)
  to   space 5120K, 0% used [0x00000000ec900000,0x00000000ec900000,0x00000000ece00000)
 ParOldGen       total 236032K, used 203746K [0x00000000c0000000, 0x00000000ce680000, 0x00000000eab00000)
  object space 236032K, 86% used [0x00000000c0000000,0x00000000cc6f8b98,0x00000000ce680000)
 Metaspace       used 63242K, committed 64320K, reserved 1114112K
  class space    used 7208K, committed 7680K, reserved 1048576K
}
Event: 11.290 GC heap after
{Heap after GC invocations=113 (full 8):
 PSYoungGen      total 35840K, used 3864K [0x00000000eab00000, 0x00000000ed380000, 0x0000000100000000)
  eden space 30720K, 0% used [0x00000000eab00000,0x00000000eab00000,0x00000000ec900000)
  from space 5120K, 75% used [0x00000000ec900000,0x00000000eccc6358,0x00000000ece00000)
  to   space 4096K, 0% used [0x00000000ecf80000,0x00000000ecf80000,0x00000000ed380000)
 ParOldGen       total 236032K, used 207111K [0x00000000c0000000, 0x00000000ce680000, 0x00000000eab00000)
  object space 236032K, 87% used [0x00000000c0000000,0x00000000cca41e40,0x00000000ce680000)
 Metaspace       used 63242K, committed 64320K, reserved 1114112K
  class space    used 7208K, committed 7680K, reserved 1048576K
}
Event: 11.352 GC heap before
{Heap before GC invocations=114 (full 8):
 PSYoungGen      total 35840K, used 34584K [0x00000000eab00000, 0x00000000ed380000, 0x0000000100000000)
  eden space 30720K, 99% used [0x00000000eab00000,0x00000000ec8ffff8,0x00000000ec900000)
  from space 5120K, 75% used [0x00000000ec900000,0x00000000eccc6358,0x00000000ece00000)
  to   space 4096K, 0% used [0x00000000ecf80000,0x00000000ecf80000,0x00000000ed380000)
 ParOldGen       total 236032K, used 207111K [0x00000000c0000000, 0x00000000ce680000, 0x00000000eab00000)
  object space 236032K, 87% used [0x00000000c0000000,0x00000000cca41e40,0x00000000ce680000)
 Metaspace       used 63329K, committed 64448K, reserved 1114112K
  class space    used 7217K, committed 7680K, reserved 1048576K
}
Event: 11.357 GC heap after
{Heap after GC invocations=114 (full 8):
 PSYoungGen      total 34816K, used 4084K [0x00000000eab00000, 0x00000000ed380000, 0x0000000100000000)
  eden space 30720K, 0% used [0x00000000eab00000,0x00000000eab00000,0x00000000ec900000)
  from space 4096K, 99% used [0x00000000ecf80000,0x00000000ed37d128,0x00000000ed380000)
  to   space 5120K, 0% used [0x00000000ec900000,0x00000000ec900000,0x00000000ece00000)
 ParOldGen       total 236032K, used 212000K [0x00000000c0000000, 0x00000000ce680000, 0x00000000eab00000)
  object space 236032K, 89% used [0x00000000c0000000,0x00000000ccf08378,0x00000000ce680000)
 Metaspace       used 63329K, committed 64448K, reserved 1114112K
  class space    used 7217K, committed 7680K, reserved 1048576K
}
Event: 11.438 GC heap before
{Heap before GC invocations=115 (full 8):
 PSYoungGen      total 34816K, used 34804K [0x00000000eab00000, 0x00000000ed380000, 0x0000000100000000)
  eden space 30720K, 100% used [0x00000000eab00000,0x00000000ec900000,0x00000000ec900000)
  from space 4096K, 99% used [0x00000000ecf80000,0x00000000ed37d128,0x00000000ed380000)
  to   space 5120K, 0% used [0x00000000ec900000,0x00000000ec900000,0x00000000ece00000)
 ParOldGen       total 236032K, used 212000K [0x00000000c0000000, 0x00000000ce680000, 0x00000000eab00000)
  object space 236032K, 89% used [0x00000000c0000000,0x00000000ccf08378,0x00000000ce680000)
 Metaspace       used 63700K, committed 64832K, reserved 1114112K
  class space    used 7257K, committed 7744K, reserved 1048576K
}
Event: 11.444 GC heap after
{Heap after GC invocations=115 (full 8):
 PSYoungGen      total 35840K, used 4960K [0x00000000eab00000, 0x00000000ed900000, 0x0000000100000000)
  eden space 30720K, 0% used [0x00000000eab00000,0x00000000eab00000,0x00000000ec900000)
  from space 5120K, 96% used [0x00000000ec900000,0x00000000ecdd8138,0x00000000ece00000)
  to   space 6656K, 0% used [0x00000000ed280000,0x00000000ed280000,0x00000000ed900000)
 ParOldGen       total 236032K, used 215804K [0x00000000c0000000, 0x00000000ce680000, 0x00000000eab00000)
  object space 236032K, 91% used [0x00000000c0000000,0x00000000cd2bf1d8,0x00000000ce680000)
 Metaspace       used 63700K, committed 64832K, reserved 1114112K
  class space    used 7257K, committed 7744K, reserved 1048576K
}

