# JRE version: OpenJDK Runtime Environment Temurin-17.0.10+7 (17.0.10+7) (build 17.0.10+7)
# Java VM: OpenJDK 64-Bit Server VM Temurin-17.0.10+7 (17.0.10+7, mixed mode, tiered, compressed oops, compressed class ptrs, parallel gc, windows-amd64)
GC Precious Log:
 CPUs: 12 total, 12 available
 Memory: 16295M
 Large Page Support: Disabled
 NUMA Support: Disabled
 Compressed Oops: Enabled (32-bit)
 Alignments: Space 512K, Generation 512K, Heap 2M
 Heap Min Capacity: 100M
 Heap Initial Capacity: 100M
 Heap Max Capacity: 1G
 Pre-touch: Disabled
 Parallel Workers: 10
Heap:
 PSYoungGen      total 22528K, used 17162K [0x00000000eab00000, 0x00000000ec680000, 0x0000000100000000)
  eden space 17408K, 98% used [0x00000000eab00000,0x00000000ebbc4978,0x00000000ebc00000)
  from space 5120K, 0% used [0x00000000ebc80000,0x00000000ebc80000,0x00000000ec180000)
  to   space 4096K, 0% used [0x00000000ec280000,0x00000000ec280000,0x00000000ec680000)
 ParOldGen       total 111104K, used 108574K [0x00000000c0000000, 0x00000000c6c80000, 0x00000000eab00000)
  object space 111104K, 97% used [0x00000000c0000000,0x00000000c6a078d8,0x00000000c6c80000)
 Metaspace       used 63165K, committed 64128K, reserved 1114112K
  class space    used 7239K, committed 7680K, reserved 1048576K
GC Heap History (20 events):
Event: 9.286 GC heap before
{Heap before GC invocations=67 (full 4):
 PSYoungGen      total 14848K, used 14841K [0x00000000eab00000, 0x00000000ec200000, 0x0000000100000000)
  eden space 11264K, 100% used [0x00000000eab00000,0x00000000eb600000,0x00000000eb600000)
  from space 3584K, 99% used [0x00000000eb600000,0x00000000eb97e7d8,0x00000000eb980000)
  to   space 5632K, 0% used [0x00000000ebc80000,0x00000000ebc80000,0x00000000ec200000)
 ParOldGen       total 111104K, used 89438K [0x00000000c0000000, 0x00000000c6c80000, 0x00000000eab00000)
  object space 111104K, 80% used [0x00000000c0000000,0x00000000c57579c8,0x00000000c6c80000)
 Metaspace       used 62041K, committed 63040K, reserved 1114112K
  class space    used 7112K, committed 7552K, reserved 1048576K
}
Event: 9.289 GC heap after
{Heap after GC invocations=67 (full 4):
 PSYoungGen      total 15872K, used 3252K [0x00000000eab00000, 0x00000000ec000000, 0x0000000100000000)
  eden space 12288K, 0% used [0x00000000eab00000,0x00000000eab00000,0x00000000eb700000)
  from space 3584K, 90% used [0x00000000ebc80000,0x00000000ebfad258,0x00000000ec000000)
  to   space 4096K, 0% used [0x00000000eb800000,0x00000000eb800000,0x00000000ebc00000)
 ParOldGen       total 111104K, used 91691K [0x00000000c0000000, 0x00000000c6c80000, 0x00000000eab00000)
  object space 111104K, 82% used [0x00000000c0000000,0x00000000c598af20,0x00000000c6c80000)
 Metaspace       used 62041K, committed 63040K, reserved 1114112K
  class space    used 7112K, committed 7552K, reserved 1048576K
}
Event: 9.315 GC heap before
{Heap before GC invocations=68 (full 4):
 PSYoungGen      total 15872K, used 15540K [0x00000000eab00000, 0x00000000ec000000, 0x0000000100000000)
  eden space 12288K, 100% used [0x00000000eab00000,0x00000000eb700000,0x00000000eb700000)
  from space 3584K, 90% used [0x00000000ebc80000,0x00000000ebfad258,0x00000000ec000000)
  to   space 4096K, 0% used [0x00000000eb800000,0x00000000eb800000,0x00000000ebc00000)
 ParOldGen       total 111104K, used 91691K [0x00000000c0000000, 0x00000000c6c80000, 0x00000000eab00000)
  object space 111104K, 82% used [0x00000000c0000000,0x00000000c598af20,0x00000000c6c80000)
 Metaspace       used 62043K, committed 63040K, reserved 1114112K
  class space    used 7112K, committed 7552K, reserved 1048576K
}
Event: 9.318 GC heap after
{Heap after GC invocations=68 (full 4):
 PSYoungGen      total 17408K, used 4065K [0x00000000eab00000, 0x00000000ec400000, 0x0000000100000000)
  eden space 13312K, 0% used [0x00000000eab00000,0x00000000eab00000,0x00000000eb800000)
  from space 4096K, 99% used [0x00000000eb800000,0x00000000ebbf85f0,0x00000000ebc00000)
  to   space 6144K, 0% used [0x00000000ebe00000,0x00000000ebe00000,0x00000000ec400000)
 ParOldGen       total 111104K, used 92939K [0x00000000c0000000, 0x00000000c6c80000, 0x00000000eab00000)
  object space 111104K, 83% used [0x00000000c0000000,0x00000000c5ac2f20,0x00000000c6c80000)
 Metaspace       used 62043K, committed 63040K, reserved 1114112K
  class space    used 7112K, committed 7552K, reserved 1048576K
}
Event: 9.348 GC heap before
{Heap before GC invocations=69 (full 4):
 PSYoungGen      total 17408K, used 17377K [0x00000000eab00000, 0x00000000ec400000, 0x0000000100000000)
  eden space 13312K, 100% used [0x00000000eab00000,0x00000000eb800000,0x00000000eb800000)
  from space 4096K, 99% used [0x00000000eb800000,0x00000000ebbf85f0,0x00000000ebc00000)
  to   space 6144K, 0% used [0x00000000ebe00000,0x00000000ebe00000,0x00000000ec400000)
 ParOldGen       total 111104K, used 92939K [0x00000000c0000000, 0x00000000c6c80000, 0x00000000eab00000)
  object space 111104K, 83% used [0x00000000c0000000,0x00000000c5ac2f20,0x00000000c6c80000)
 Metaspace       used 62043K, committed 63040K, reserved 1114112K
  class space    used 7112K, committed 7552K, reserved 1048576K
}
Event: 9.351 GC heap after
{Heap after GC invocations=69 (full 4):
 PSYoungGen      total 19456K, used 3807K [0x00000000eab00000, 0x00000000ec280000, 0x0000000100000000)
  eden space 14848K, 0% used [0x00000000eab00000,0x00000000eab00000,0x00000000eb980000)
  from space 4608K, 82% used [0x00000000ebe00000,0x00000000ec1b7f08,0x00000000ec280000)
  to   space 4608K, 0% used [0x00000000eb980000,0x00000000eb980000,0x00000000ebe00000)
 ParOldGen       total 111104K, used 95520K [0x00000000c0000000, 0x00000000c6c80000, 0x00000000eab00000)
  object space 111104K, 85% used [0x00000000c0000000,0x00000000c5d48180,0x00000000c6c80000)
 Metaspace       used 62043K, committed 63040K, reserved 1114112K
  class space    used 7112K, committed 7552K, reserved 1048576K
}
Event: 9.385 GC heap before
{Heap before GC invocations=70 (full 4):
 PSYoungGen      total 19456K, used 18655K [0x00000000eab00000, 0x00000000ec280000, 0x0000000100000000)
  eden space 14848K, 100% used [0x00000000eab00000,0x00000000eb980000,0x00000000eb980000)
  from space 4608K, 82% used [0x00000000ebe00000,0x00000000ec1b7f08,0x00000000ec280000)
  to   space 4608K, 0% used [0x00000000eb980000,0x00000000eb980000,0x00000000ebe00000)
 ParOldGen       total 111104K, used 95520K [0x00000000c0000000, 0x00000000c6c80000, 0x00000000eab00000)
  object space 111104K, 85% used [0x00000000c0000000,0x00000000c5d48180,0x00000000c6c80000)
 Metaspace       used 62043K, committed 63040K, reserved 1114112K
  class space    used 7112K, committed 7552K, reserved 1048576K
}
Event: 9.389 GC heap after
{Heap after GC invocations=70 (full 4):
 PSYoungGen      total 19456K, used 4576K [0x00000000eab00000, 0x00000000ec280000, 0x0000000100000000)
  eden space 14848K, 0% used [0x00000000eab00000,0x00000000eab00000,0x00000000eb980000)
  from space 4608K, 99% used [0x00000000eb980000,0x00000000ebdf8068,0x00000000ebe00000)
  to   space 4608K, 0% used [0x00000000ebe00000,0x00000000ebe00000,0x00000000ec280000)
 ParOldGen       total 111104K, used 97175K [0x00000000c0000000, 0x00000000c6c80000, 0x00000000eab00000)
  object space 111104K, 87% used [0x00000000c0000000,0x00000000c5ee5e08,0x00000000c6c80000)
 Metaspace       used 62043K, committed 63040K, reserved 1114112K
  class space    used 7112K, committed 7552K, reserved 1048576K
}
Event: 9.425 GC heap before
{Heap before GC invocations=71 (full 4):
 PSYoungGen      total 19456K, used 19424K [0x00000000eab00000, 0x00000000ec280000, 0x0000000100000000)
  eden space 14848K, 100% used [0x00000000eab00000,0x00000000eb980000,0x00000000eb980000)
  from space 4608K, 99% used [0x00000000eb980000,0x00000000ebdf8068,0x00000000ebe00000)
  to   space 4608K, 0% used [0x00000000ebe00000,0x00000000ebe00000,0x00000000ec280000)
 ParOldGen       total 111104K, used 97175K [0x00000000c0000000, 0x00000000c6c80000, 0x00000000eab00000)
  object space 111104K, 87% used [0x00000000c0000000,0x00000000c5ee5e08,0x00000000c6c80000)
 Metaspace       used 62056K, committed 63040K, reserved 1114112K
  class space    used 7115K, committed 7552K, reserved 1048576K
}
Event: 9.429 GC heap after
{Heap after GC invocations=71 (full 4):
 PSYoungGen      total 19456K, used 4588K [0x00000000eab00000, 0x00000000ec280000, 0x0000000100000000)
  eden space 14848K, 0% used [0x00000000eab00000,0x00000000eab00000,0x00000000eb980000)
  from space 4608K, 99% used [0x00000000ebe00000,0x00000000ec27b378,0x00000000ec280000)
  to   space 4608K, 0% used [0x00000000eb980000,0x00000000eb980000,0x00000000ebe00000)
 ParOldGen       total 111104K, used 99986K [0x00000000c0000000, 0x00000000c6c80000, 0x00000000eab00000)
  object space 111104K, 89% used [0x00000000c0000000,0x00000000c61a49b0,0x00000000c6c80000)
 Metaspace       used 62056K, committed 63040K, reserved 1114112K
  class space    used 7115K, committed 7552K, reserved 1048576K
}
Event: 9.483 GC heap before
{Heap before GC invocations=72 (full 4):
 PSYoungGen      total 19456K, used 19436K [0x00000000eab00000, 0x00000000ec280000, 0x0000000100000000)
  eden space 14848K, 100% used [0x00000000eab00000,0x00000000eb980000,0x00000000eb980000)
  from space 4608K, 99% used [0x00000000ebe00000,0x00000000ec27b378,0x00000000ec280000)
  to   space 4608K, 0% used [0x00000000eb980000,0x00000000eb980000,0x00000000ebe00000)
 ParOldGen       total 111104K, used 99986K [0x00000000c0000000, 0x00000000c6c80000, 0x00000000eab00000)
  object space 111104K, 89% used [0x00000000c0000000,0x00000000c61a49b0,0x00000000c6c80000)
 Metaspace       used 62195K, committed 63168K, reserved 1114112K
  class space    used 7129K, committed 7552K, reserved 1048576K
}
Event: 9.489 GC heap after
{Heap after GC invocations=72 (full 4):
 PSYoungGen      total 19456K, used 2756K [0x00000000eab00000, 0x00000000ec400000, 0x0000000100000000)
  eden space 14848K, 0% used [0x00000000eab00000,0x00000000eab00000,0x00000000eb980000)
  from space 4608K, 59% used [0x00000000eb980000,0x00000000ebc310a0,0x00000000ebe00000)
  to   space 4608K, 0% used [0x00000000ebf80000,0x00000000ebf80000,0x00000000ec400000)
 ParOldGen       total 111104K, used 104454K [0x00000000c0000000, 0x00000000c6c80000, 0x00000000eab00000)
  object space 111104K, 94% used [0x00000000c0000000,0x00000000c6601b30,0x00000000c6c80000)
 Metaspace       used 62195K, committed 63168K, reserved 1114112K
  class space    used 7129K, committed 7552K, reserved 1048576K
}
Event: 9.529 GC heap before
{Heap before GC invocations=73 (full 4):
 PSYoungGen      total 19456K, used 17604K [0x00000000eab00000, 0x00000000ec400000, 0x0000000100000000)
  eden space 14848K, 100% used [0x00000000eab00000,0x00000000eb980000,0x00000000eb980000)
  from space 4608K, 59% used [0x00000000eb980000,0x00000000ebc310a0,0x00000000ebe00000)
  to   space 4608K, 0% used [0x00000000ebf80000,0x00000000ebf80000,0x00000000ec400000)
 ParOldGen       total 111104K, used 104454K [0x00000000c0000000, 0x00000000c6c80000, 0x00000000eab00000)
  object space 111104K, 94% used [0x00000000c0000000,0x00000000c6601b30,0x00000000c6c80000)
 Metaspace       used 62443K, committed 63488K, reserved 1114112K
  class space    used 7155K, committed 7616K, reserved 1048576K
}
Event: 9.532 GC heap after
{Heap after GC invocations=73 (full 4):
 PSYoungGen      total 20480K, used 4599K [0x00000000eab00000, 0x00000000ec500000, 0x0000000100000000)
  eden space 15872K, 0% used [0x00000000eab00000,0x00000000eab00000,0x00000000eba80000)
  from space 4608K, 99% used [0x00000000ebf80000,0x00000000ec3fdeb0,0x00000000ec400000)
  to   space 5120K, 0% used [0x00000000eba80000,0x00000000eba80000,0x00000000ebf80000)
 ParOldGen       total 111104K, used 104454K [0x00000000c0000000, 0x00000000c6c80000, 0x00000000eab00000)
  object space 111104K, 94% used [0x00000000c0000000,0x00000000c6601b30,0x00000000c6c80000)
 Metaspace       used 62443K, committed 63488K, reserved 1114112K
  class space    used 7155K, committed 7616K, reserved 1048576K
}
Event: 9.560 GC heap before
{Heap before GC invocations=74 (full 4):
 PSYoungGen      total 20480K, used 20471K [0x00000000eab00000, 0x00000000ec500000, 0x0000000100000000)
  eden space 15872K, 100% used [0x00000000eab00000,0x00000000eba80000,0x00000000eba80000)
  from space 4608K, 99% used [0x00000000ebf80000,0x00000000ec3fdeb0,0x00000000ec400000)
  to   space 5120K, 0% used [0x00000000eba80000,0x00000000eba80000,0x00000000ebf80000)
 ParOldGen       total 111104K, used 104454K [0x00000000c0000000, 0x00000000c6c80000, 0x00000000eab00000)
  object space 111104K, 94% used [0x00000000c0000000,0x00000000c6601b30,0x00000000c6c80000)
 Metaspace       used 62503K, committed 63552K, reserved 1114112K
  class space    used 7161K, committed 7616K, reserved 1048576K
}
Event: 9.563 GC heap after
{Heap after GC invocations=74 (full 4):
 PSYoungGen      total 20992K, used 5114K [0x00000000eab00000, 0x00000000ec900000, 0x0000000100000000)
  eden space 15872K, 0% used [0x00000000eab00000,0x00000000eab00000,0x00000000eba80000)
  from space 5120K, 99% used [0x00000000eba80000,0x00000000ebf7e8a0,0x00000000ebf80000)
  to   space 6656K, 0% used [0x00000000ec280000,0x00000000ec280000,0x00000000ec900000)
 ParOldGen       total 111104K, used 105345K [0x00000000c0000000, 0x00000000c6c80000, 0x00000000eab00000)
  object space 111104K, 94% used [0x00000000c0000000,0x00000000c66e05a8,0x00000000c6c80000)
 Metaspace       used 62503K, committed 63552K, reserved 1114112K
  class space    used 7161K, committed 7616K, reserved 1048576K
}
Event: 9.591 GC heap before
{Heap before GC invocations=75 (full 4):
 PSYoungGen      total 20992K, used 20986K [0x00000000eab00000, 0x00000000ec900000, 0x0000000100000000)
  eden space 15872K, 100% used [0x00000000eab00000,0x00000000eba80000,0x00000000eba80000)
  from space 5120K, 99% used [0x00000000eba80000,0x00000000ebf7e8a0,0x00000000ebf80000)
  to   space 6656K, 0% used [0x00000000ec280000,0x00000000ec280000,0x00000000ec900000)
 ParOldGen       total 111104K, used 105345K [0x00000000c0000000, 0x00000000c6c80000, 0x00000000eab00000)
  object space 111104K, 94% used [0x00000000c0000000,0x00000000c66e05a8,0x00000000c6c80000)
 Metaspace       used 62664K, committed 63680K, reserved 1114112K
  class space    used 7176K, committed 7616K, reserved 1048576K
}
Event: 9.596 GC heap after
{Heap after GC invocations=75 (full 4):
 PSYoungGen      total 21504K, used 4072K [0x00000000eab00000, 0x00000000ec680000, 0x0000000100000000)
  eden space 17408K, 0% used [0x00000000eab00000,0x00000000eab00000,0x00000000ebc00000)
  from space 4096K, 99% used [0x00000000ec280000,0x00000000ec67a388,0x00000000ec680000)
  to   space 5120K, 0% used [0x00000000ebc80000,0x00000000ebc80000,0x00000000ec180000)
 ParOldGen       total 111104K, used 109130K [0x00000000c0000000, 0x00000000c6c80000, 0x00000000eab00000)
  object space 111104K, 98% used [0x00000000c0000000,0x00000000c6a92868,0x00000000c6c80000)
 Metaspace       used 62664K, committed 63680K, reserved 1114112K
  class space    used 7176K, committed 7616K, reserved 1048576K
}
Event: 9.596 GC heap before
{Heap before GC invocations=76 (full 5):
 PSYoungGen      total 21504K, used 4072K [0x00000000eab00000, 0x00000000ec680000, 0x0000000100000000)
  eden space 17408K, 0% used [0x00000000eab00000,0x00000000eab00000,0x00000000ebc00000)
  from space 4096K, 99% used [0x00000000ec280000,0x00000000ec67a388,0x00000000ec680000)
  to   space 5120K, 0% used [0x00000000ebc80000,0x00000000ebc80000,0x00000000ec180000)
 ParOldGen       total 111104K, used 109130K [0x00000000c0000000, 0x00000000c6c80000, 0x00000000eab00000)
  object space 111104K, 98% used [0x00000000c0000000,0x00000000c6a92868,0x00000000c6c80000)
 Metaspace       used 62664K, committed 63680K, reserved 1114112K
  class space    used 7176K, committed 7616K, reserved 1048576K
}
Event: 9.678 GC heap after
{Heap after GC invocations=76 (full 5):
 PSYoungGen      total 22528K, used 0K [0x00000000eab00000, 0x00000000ec680000, 0x0000000100000000)
  eden space 17408K, 0% used [0x00000000eab00000,0x00000000eab00000,0x00000000ebc00000)
  from space 5120K, 0% used [0x00000000ebc80000,0x00000000ebc80000,0x00000000ec180000)
  to   space 4096K, 0% used [0x00000000ec280000,0x00000000ec280000,0x00000000ec680000)
 ParOldGen       total 111104K, used 108574K [0x00000000c0000000, 0x00000000c6c80000, 0x00000000eab00000)
  object space 111104K, 97% used [0x00000000c0000000,0x00000000c6a078d8,0x00000000c6c80000)
 Metaspace       used 62664K, committed 63680K, reserved 1114112K
  class space    used 7176K, committed 7616K, reserved 1048576K
}

