# JRE version: Java(TM) SE Runtime Environment (17.0.10+11) (build 17.0.10+11-LTS-240)
# Java VM: Java HotSpot(TM) 64-Bit Server VM (17.0.10+11-LTS-240, mixed mode, sharing, tiered, compressed oops, compressed class ptrs, g1 gc, windows-amd64)
GC Precious Log:
 CPUs: 12 total, 12 available
 Memory: 16295M
 Large Page Support: Disabled
 NUMA Support: Disabled
 Compressed Oops: Enabled (32-bit)
 Heap Region Size: 1M
 Heap Min Capacity: 8M
 Heap Initial Capacity: 256M
 Heap Max Capacity: 2G
 Pre-touch: Disabled
 Parallel Workers: 10
 Concurrent Workers: 3
 Concurrent Refinement Workers: 10
 Periodic GC: Disabled
Heap:
 garbage-first heap   total 175104K, used 124957K [0x0000000080000000, 0x0000000100000000)
  region size 1024K, 36 young (36864K), 6 survivors (6144K)
 Metaspace       used 74235K, committed 74880K, reserved 491520K
  class space    used 10382K, committed 10688K, reserved 425984K
GC Heap History (20 events):
Event: 9.406 GC heap before
{Heap before GC invocations=17 (full 0):
 garbage-first heap   total 98304K, used 56651K [0x0000000080000000, 0x0000000100000000)
  region size 1024K, 4 young (4096K), 3 survivors (3072K)
 Metaspace       used 51323K, committed 51968K, reserved 491520K
  class space    used 7234K, committed 7488K, reserved 425984K
}
Event: 9.408 GC heap after
{Heap after GC invocations=18 (full 0):
 garbage-first heap   total 98304K, used 55606K [0x0000000080000000, 0x0000000100000000)
  region size 1024K, 1 young (1024K), 1 survivors (1024K)
 Metaspace       used 51323K, committed 51968K, reserved 491520K
  class space    used 7234K, committed 7488K, reserved 425984K
}
Event: 9.710 GC heap before
{Heap before GC invocations=18 (full 0):
 garbage-first heap   total 98304K, used 78134K [0x0000000080000000, 0x0000000100000000)
  region size 1024K, 24 young (24576K), 1 survivors (1024K)
 Metaspace       used 53496K, committed 54208K, reserved 491520K
  class space    used 7606K, committed 7936K, reserved 425984K
}
Event: 9.713 GC heap after
{Heap after GC invocations=19 (full 0):
 garbage-first heap   total 142336K, used 56267K [0x0000000080000000, 0x0000000100000000)
  region size 1024K, 2 young (2048K), 2 survivors (2048K)
 Metaspace       used 53496K, committed 54208K, reserved 491520K
  class space    used 7606K, committed 7936K, reserved 425984K
}
Event: 10.196 GC heap before
{Heap before GC invocations=19 (full 0):
 garbage-first heap   total 142336K, used 107467K [0x0000000080000000, 0x0000000100000000)
  region size 1024K, 48 young (49152K), 2 survivors (2048K)
 Metaspace       used 57141K, committed 57792K, reserved 491520K
  class space    used 8095K, committed 8384K, reserved 425984K
}
Event: 10.199 GC heap after
{Heap after GC invocations=20 (full 0):
 garbage-first heap   total 142336K, used 62366K [0x0000000080000000, 0x0000000100000000)
  region size 1024K, 4 young (4096K), 4 survivors (4096K)
 Metaspace       used 57141K, committed 57792K, reserved 491520K
  class space    used 8095K, committed 8384K, reserved 425984K
}
Event: 10.658 GC heap before
{Heap before GC invocations=20 (full 0):
 garbage-first heap   total 142336K, used 107422K [0x0000000080000000, 0x0000000100000000)
  region size 1024K, 48 young (49152K), 4 survivors (4096K)
 Metaspace       used 60937K, committed 61632K, reserved 491520K
  class space    used 8584K, committed 8896K, reserved 425984K
}
Event: 10.664 GC heap after
{Heap after GC invocations=21 (full 0):
 garbage-first heap   total 142336K, used 65772K [0x0000000080000000, 0x0000000100000000)
  region size 1024K, 6 young (6144K), 6 survivors (6144K)
 Metaspace       used 60937K, committed 61632K, reserved 491520K
  class space    used 8584K, committed 8896K, reserved 425984K
}
Event: 11.176 GC heap before
{Heap before GC invocations=21 (full 0):
 garbage-first heap   total 142336K, used 110828K [0x0000000080000000, 0x0000000100000000)
  region size 1024K, 50 young (51200K), 6 survivors (6144K)
 Metaspace       used 63380K, committed 64064K, reserved 491520K
  class space    used 8951K, committed 9280K, reserved 425984K
}
Event: 11.184 GC heap after
{Heap after GC invocations=22 (full 0):
 garbage-first heap   total 142336K, used 69569K [0x0000000080000000, 0x0000000100000000)
  region size 1024K, 7 young (7168K), 7 survivors (7168K)
 Metaspace       used 63380K, committed 64064K, reserved 491520K
  class space    used 8951K, committed 9280K, reserved 425984K
}
Event: 11.810 GC heap before
{Heap before GC invocations=22 (full 0):
 garbage-first heap   total 142336K, used 111553K [0x0000000080000000, 0x0000000100000000)
  region size 1024K, 49 young (50176K), 7 survivors (7168K)
 Metaspace       used 65837K, committed 66496K, reserved 491520K
  class space    used 9372K, committed 9664K, reserved 425984K
}
Event: 11.817 GC heap after
{Heap after GC invocations=23 (full 0):
 garbage-first heap   total 142336K, used 72716K [0x0000000080000000, 0x0000000100000000)
  region size 1024K, 7 young (7168K), 7 survivors (7168K)
 Metaspace       used 65837K, committed 66496K, reserved 491520K
  class space    used 9372K, committed 9664K, reserved 425984K
}
Event: 11.985 GC heap before
{Heap before GC invocations=23 (full 0):
 garbage-first heap   total 142336K, used 91148K [0x0000000080000000, 0x0000000100000000)
  region size 1024K, 26 young (26624K), 7 survivors (7168K)
 Metaspace       used 66022K, committed 66752K, reserved 491520K
  class space    used 9393K, committed 9728K, reserved 425984K
}
Event: 11.993 GC heap after
{Heap after GC invocations=24 (full 0):
 garbage-first heap   total 142336K, used 75469K [0x0000000080000000, 0x0000000100000000)
  region size 1024K, 4 young (4096K), 4 survivors (4096K)
 Metaspace       used 66022K, committed 66752K, reserved 491520K
  class space    used 9393K, committed 9728K, reserved 425984K
}
Event: 12.242 GC heap before
{Heap before GC invocations=25 (full 0):
 garbage-first heap   total 145408K, used 120525K [0x0000000080000000, 0x0000000100000000)
  region size 1024K, 42 young (43008K), 4 survivors (4096K)
 Metaspace       used 68245K, committed 68928K, reserved 491520K
  class space    used 9678K, committed 9984K, reserved 425984K
}
Event: 12.246 GC heap after
{Heap after GC invocations=26 (full 0):
 garbage-first heap   total 145408K, used 86883K [0x0000000080000000, 0x0000000100000000)
  region size 1024K, 6 young (6144K), 6 survivors (6144K)
 Metaspace       used 68245K, committed 68928K, reserved 491520K
  class space    used 9678K, committed 9984K, reserved 425984K
}
Event: 12.256 GC heap before
{Heap before GC invocations=26 (full 0):
 garbage-first heap   total 145408K, used 87907K [0x0000000080000000, 0x0000000100000000)
  region size 1024K, 7 young (7168K), 6 survivors (6144K)
 Metaspace       used 68356K, committed 69056K, reserved 491520K
  class space    used 9680K, committed 9984K, reserved 425984K
}
Event: 12.260 GC heap after
{Heap after GC invocations=27 (full 0):
 garbage-first heap   total 175104K, used 86163K [0x0000000080000000, 0x0000000100000000)
  region size 1024K, 1 young (1024K), 1 survivors (1024K)
 Metaspace       used 68356K, committed 69056K, reserved 491520K
  class space    used 9680K, committed 9984K, reserved 425984K
}
Event: 12.704 GC heap before
{Heap before GC invocations=27 (full 0):
 garbage-first heap   total 175104K, used 139411K [0x0000000080000000, 0x0000000100000000)
  region size 1024K, 47 young (48128K), 1 survivors (1024K)
 Metaspace       used 72299K, committed 73024K, reserved 491520K
  class space    used 10105K, committed 10432K, reserved 425984K
}
Event: 12.708 GC heap after
{Heap after GC invocations=28 (full 0):
 garbage-first heap   total 175104K, used 95261K [0x0000000080000000, 0x0000000100000000)
  region size 1024K, 6 young (6144K), 6 survivors (6144K)
 Metaspace       used 72299K, committed 73024K, reserved 491520K
  class space    used 10105K, committed 10432K, reserved 425984K
}

