# JRE version: Java(TM) SE Runtime Environment (17.0.10+11) (build 17.0.10+11-LTS-240)
# Java VM: Java HotSpot(TM) 64-Bit Server VM (17.0.10+11-LTS-240, mixed mode, sharing, tiered, compressed oops, compressed class ptrs, g1 gc, windows-amd64)
GC Precious Log:
 CPUs: 12 total, 12 available
 Memory: 16295M
 Large Page Support: Disabled
 NUMA Support: Disabled
 Compressed Oops: Enabled (32-bit)
 Heap Region Size: 1M
 Heap Min Capacity: 8M
 Heap Initial Capacity: 256M
 Heap Max Capacity: 2G
 Pre-touch: Disabled
 Parallel Workers: 10
 Concurrent Workers: 3
 Concurrent Refinement Workers: 10
 Periodic GC: Disabled
Heap:
 garbage-first heap   total 279552K, used 208013K [0x0000000080000000, 0x0000000100000000)
  region size 1024K, 17 young (17408K), 6 survivors (6144K)
 Metaspace       used 103536K, committed 104704K, reserved 557056K
  class space    used 14392K, committed 14912K, reserved 425984K
GC Heap History (20 events):
Event: 17.868 GC heap before
{Heap before GC invocations=26 (full 0):
 garbage-first heap   total 232448K, used 190418K [0x0000000080000000, 0x0000000100000000)
  region size 1024K, 91 young (93184K), 12 survivors (12288K)
 Metaspace       used 91924K, committed 92864K, reserved 557056K
  class space    used 12893K, committed 13312K, reserved 425984K
}
Event: 17.881 GC heap after
{Heap after GC invocations=27 (full 0):
 garbage-first heap   total 232448K, used 126581K [0x0000000080000000, 0x0000000100000000)
  region size 1024K, 12 young (12288K), 12 survivors (12288K)
 Metaspace       used 91924K, committed 92864K, reserved 557056K
  class space    used 12893K, committed 13312K, reserved 425984K
}
Event: 18.367 GC heap before
{Heap before GC invocations=27 (full 0):
 garbage-first heap   total 232448K, used 189045K [0x0000000080000000, 0x0000000100000000)
  region size 1024K, 70 young (71680K), 12 survivors (12288K)
 Metaspace       used 92642K, committed 93632K, reserved 557056K
  class space    used 12969K, committed 13440K, reserved 425984K
}
Event: 18.377 GC heap after
{Heap after GC invocations=28 (full 0):
 garbage-first heap   total 232448K, used 143242K [0x0000000080000000, 0x0000000100000000)
  region size 1024K, 9 young (9216K), 9 survivors (9216K)
 Metaspace       used 92642K, committed 93632K, reserved 557056K
  class space    used 12969K, committed 13440K, reserved 425984K
}
Event: 18.714 GC heap before
{Heap before GC invocations=28 (full 0):
 garbage-first heap   total 232448K, used 187274K [0x0000000080000000, 0x0000000100000000)
  region size 1024K, 51 young (52224K), 9 survivors (9216K)
 Metaspace       used 93214K, committed 94208K, reserved 557056K
  class space    used 13032K, committed 13504K, reserved 425984K
}
Event: 18.724 GC heap after
{Heap after GC invocations=29 (full 0):
 garbage-first heap   total 232448K, used 154974K [0x0000000080000000, 0x0000000100000000)
  region size 1024K, 7 young (7168K), 7 survivors (7168K)
 Metaspace       used 93214K, committed 94208K, reserved 557056K
  class space    used 13032K, committed 13504K, reserved 425984K
}
Event: 18.952 GC heap before
{Heap before GC invocations=29 (full 0):
 garbage-first heap   total 232448K, used 189790K [0x0000000080000000, 0x0000000100000000)
  region size 1024K, 40 young (40960K), 7 survivors (7168K)
 Metaspace       used 93537K, committed 94592K, reserved 557056K
  class space    used 13067K, committed 13568K, reserved 425984K
}
Event: 18.959 GC heap after
{Heap after GC invocations=30 (full 0):
 garbage-first heap   total 232448K, used 164498K [0x0000000080000000, 0x0000000100000000)
  region size 1024K, 5 young (5120K), 5 survivors (5120K)
 Metaspace       used 93537K, committed 94592K, reserved 557056K
  class space    used 13067K, committed 13568K, reserved 425984K
}
Event: 19.243 GC heap before
{Heap before GC invocations=30 (full 0):
 garbage-first heap   total 232448K, used 190098K [0x0000000080000000, 0x0000000100000000)
  region size 1024K, 31 young (31744K), 5 survivors (5120K)
 Metaspace       used 94878K, committed 95936K, reserved 557056K
  class space    used 13220K, committed 13696K, reserved 425984K
}
Event: 19.247 GC heap after
{Heap after GC invocations=31 (full 0):
 garbage-first heap   total 279552K, used 169121K [0x0000000080000000, 0x0000000100000000)
  region size 1024K, 4 young (4096K), 4 survivors (4096K)
 Metaspace       used 94878K, committed 95936K, reserved 557056K
  class space    used 13220K, committed 13696K, reserved 425984K
}
Event: 19.606 GC heap before
{Heap before GC invocations=31 (full 0):
 garbage-first heap   total 279552K, used 218273K [0x0000000080000000, 0x0000000100000000)
  region size 1024K, 51 young (52224K), 4 survivors (4096K)
 Metaspace       used 95627K, committed 96704K, reserved 557056K
  class space    used 13317K, committed 13824K, reserved 425984K
}
Event: 19.612 GC heap after
{Heap after GC invocations=32 (full 0):
 garbage-first heap   total 279552K, used 180869K [0x0000000080000000, 0x0000000100000000)
  region size 1024K, 7 young (7168K), 7 survivors (7168K)
 Metaspace       used 95627K, committed 96704K, reserved 557056K
  class space    used 13317K, committed 13824K, reserved 425984K
}
Event: 19.992 GC heap before
{Heap before GC invocations=32 (full 0):
 garbage-first heap   total 279552K, used 222853K [0x0000000080000000, 0x0000000100000000)
  region size 1024K, 48 young (49152K), 7 survivors (7168K)
 Metaspace       used 97110K, committed 98240K, reserved 557056K
  class space    used 13507K, committed 14016K, reserved 425984K
}
Event: 19.999 GC heap after
{Heap after GC invocations=33 (full 0):
 garbage-first heap   total 279552K, used 185008K [0x0000000080000000, 0x0000000100000000)
  region size 1024K, 4 young (4096K), 4 survivors (4096K)
 Metaspace       used 97110K, committed 98240K, reserved 557056K
  class space    used 13507K, committed 14016K, reserved 425984K
}
Event: 20.415 GC heap before
{Heap before GC invocations=33 (full 0):
 garbage-first heap   total 279552K, used 226992K [0x0000000080000000, 0x0000000100000000)
  region size 1024K, 45 young (46080K), 4 survivors (4096K)
 Metaspace       used 100694K, committed 101888K, reserved 557056K
  class space    used 14045K, committed 14592K, reserved 425984K
}
Event: 20.420 GC heap after
{Heap after GC invocations=34 (full 0):
 garbage-first heap   total 279552K, used 187295K [0x0000000080000000, 0x0000000100000000)
  region size 1024K, 2 young (2048K), 2 survivors (2048K)
 Metaspace       used 100694K, committed 101888K, reserved 557056K
  class space    used 14045K, committed 14592K, reserved 425984K
}
Event: 20.844 GC heap before
{Heap before GC invocations=34 (full 0):
 garbage-first heap   total 279552K, used 230303K [0x0000000080000000, 0x0000000100000000)
  region size 1024K, 44 young (45056K), 2 survivors (2048K)
 Metaspace       used 102399K, committed 103552K, reserved 557056K
  class space    used 14249K, committed 14784K, reserved 425984K
}
Event: 20.850 GC heap after
{Heap after GC invocations=35 (full 0):
 garbage-first heap   total 279552K, used 190666K [0x0000000080000000, 0x0000000100000000)
  region size 1024K, 6 young (6144K), 6 survivors (6144K)
 Metaspace       used 102399K, committed 103552K, reserved 557056K
  class space    used 14249K, committed 14784K, reserved 425984K
}
Event: 21.150 GC heap before
{Heap before GC invocations=35 (full 0):
 garbage-first heap   total 279552K, used 224458K [0x0000000080000000, 0x0000000100000000)
  region size 1024K, 40 young (40960K), 6 survivors (6144K)
 Metaspace       used 102962K, committed 104128K, reserved 557056K
  class space    used 14310K, committed 14848K, reserved 425984K
}
Event: 21.159 GC heap after
{Heap after GC invocations=36 (full 0):
 garbage-first heap   total 279552K, used 197773K [0x0000000080000000, 0x0000000100000000)
  region size 1024K, 6 young (6144K), 6 survivors (6144K)
 Metaspace       used 102962K, committed 104128K, reserved 557056K
  class space    used 14310K, committed 14848K, reserved 425984K
}

