# JRE version: Java(TM) SE Runtime Environment (17.0.10+11) (build 17.0.10+11-LTS-240)
# Java VM: Java HotSpot(TM) 64-Bit Server VM (17.0.10+11-LTS-240, mixed mode, sharing, tiered, compressed oops, compressed class ptrs, g1 gc, windows-amd64)
GC Precious Log:
 CPUs: 12 total, 12 available
 Memory: 16295M
 Large Page Support: Disabled
 NUMA Support: Disabled
 Compressed Oops: Enabled (32-bit)
 Heap Region Size: 1M
 Heap Min Capacity: 8M
 Heap Initial Capacity: 256M
 Heap Max Capacity: 2G
 Pre-touch: Disabled
 Parallel Workers: 10
 Concurrent Workers: 3
 Concurrent Refinement Workers: 10
 Periodic GC: Disabled
Heap:
 garbage-first heap   total 327680K, used 213194K [0x0000000080000000, 0x0000000100000000)
  region size 1024K, 7 young (7168K), 7 survivors (7168K)
 Metaspace       used 106087K, committed 107456K, reserved 557056K
  class space    used 14906K, committed 15488K, reserved 425984K
GC Heap History (20 events):
Event: 34.458 GC heap after
{Heap after GC invocations=51 (full 0):
 garbage-first heap   total 201728K, used 121222K [0x0000000080000000, 0x0000000100000000)
  region size 1024K, 4 young (4096K), 4 survivors (4096K)
 Metaspace       used 95101K, committed 96000K, reserved 557056K
  class space    used 13428K, committed 13824K, reserved 425984K
}
Event: 34.871 GC heap before
{Heap before GC invocations=51 (full 0):
 garbage-first heap   total 201728K, used 168326K [0x0000000080000000, 0x0000000100000000)
  region size 1024K, 50 young (51200K), 4 survivors (4096K)
 Metaspace       used 97413K, committed 98368K, reserved 557056K
  class space    used 13748K, committed 14208K, reserved 425984K
}
Event: 34.877 GC heap after
{Heap after GC invocations=52 (full 0):
 garbage-first heap   total 201728K, used 125386K [0x0000000080000000, 0x0000000100000000)
  region size 1024K, 7 young (7168K), 7 survivors (7168K)
 Metaspace       used 97413K, committed 98368K, reserved 557056K
  class space    used 13748K, committed 14208K, reserved 425984K
}
Event: 35.200 GC heap before
{Heap before GC invocations=52 (full 0):
 garbage-first heap   total 201728K, used 169418K [0x0000000080000000, 0x0000000100000000)
  region size 1024K, 50 young (51200K), 7 survivors (7168K)
 Metaspace       used 99699K, committed 100672K, reserved 557056K
  class space    used 14050K, committed 14528K, reserved 425984K
}
Event: 35.205 GC heap after
{Heap after GC invocations=53 (full 0):
 garbage-first heap   total 201728K, used 128406K [0x0000000080000000, 0x0000000100000000)
  region size 1024K, 3 young (3072K), 3 survivors (3072K)
 Metaspace       used 99699K, committed 100672K, reserved 557056K
  class space    used 14050K, committed 14528K, reserved 425984K
}
Event: 35.506 GC heap before
{Heap before GC invocations=54 (full 0):
 garbage-first heap   total 225280K, used 176534K [0x0000000080000000, 0x0000000100000000)
  region size 1024K, 44 young (45056K), 3 survivors (3072K)
 Metaspace       used 100476K, committed 101504K, reserved 557056K
  class space    used 14167K, committed 14656K, reserved 425984K
}
Event: 35.512 GC heap after
{Heap after GC invocations=55 (full 0):
 garbage-first heap   total 225280K, used 142855K [0x0000000080000000, 0x0000000100000000)
  region size 1024K, 6 young (6144K), 6 survivors (6144K)
 Metaspace       used 100476K, committed 101504K, reserved 557056K
  class space    used 14167K, committed 14656K, reserved 425984K
}
Event: 35.555 GC heap before
{Heap before GC invocations=55 (full 0):
 garbage-first heap   total 225280K, used 147975K [0x0000000080000000, 0x0000000100000000)
  region size 1024K, 11 young (11264K), 6 survivors (6144K)
 Metaspace       used 100712K, committed 101760K, reserved 557056K
  class space    used 14201K, committed 14656K, reserved 425984K
}
Event: 35.560 GC heap after
{Heap after GC invocations=56 (full 0):
 garbage-first heap   total 280576K, used 143505K [0x0000000080000000, 0x0000000100000000)
  region size 1024K, 2 young (2048K), 2 survivors (2048K)
 Metaspace       used 100712K, committed 101760K, reserved 557056K
  class space    used 14201K, committed 14656K, reserved 425984K
}
Event: 36.037 GC heap before
{Heap before GC invocations=56 (full 0):
 garbage-first heap   total 280576K, used 225425K [0x0000000080000000, 0x0000000100000000)
  region size 1024K, 78 young (79872K), 2 survivors (2048K)
 Metaspace       used 103090K, committed 104256K, reserved 557056K
  class space    used 14506K, committed 15040K, reserved 425984K
}
Event: 36.045 GC heap after
{Heap after GC invocations=57 (full 0):
 garbage-first heap   total 280576K, used 162676K [0x0000000080000000, 0x0000000100000000)
  region size 1024K, 10 young (10240K), 10 survivors (10240K)
 Metaspace       used 103090K, committed 104256K, reserved 557056K
  class space    used 14506K, committed 15040K, reserved 425984K
}
Event: 36.396 GC heap before
{Heap before GC invocations=57 (full 0):
 garbage-first heap   total 280576K, used 223092K [0x0000000080000000, 0x0000000100000000)
  region size 1024K, 69 young (70656K), 10 survivors (10240K)
 Metaspace       used 104011K, committed 105216K, reserved 557056K
  class space    used 14607K, committed 15168K, reserved 425984K
}
Event: 36.407 GC heap after
{Heap after GC invocations=58 (full 0):
 garbage-first heap   total 280576K, used 175430K [0x0000000080000000, 0x0000000100000000)
  region size 1024K, 9 young (9216K), 9 survivors (9216K)
 Metaspace       used 104011K, committed 105216K, reserved 557056K
  class space    used 14607K, committed 15168K, reserved 425984K
}
Event: 36.499 GC heap before
{Heap before GC invocations=58 (full 0):
 garbage-first heap   total 280576K, used 203078K [0x0000000080000000, 0x0000000100000000)
  region size 1024K, 38 young (38912K), 9 survivors (9216K)
 Metaspace       used 104108K, committed 105344K, reserved 557056K
  class space    used 14612K, committed 15168K, reserved 425984K
}
Event: 36.505 GC heap after
{Heap after GC invocations=59 (full 0):
 garbage-first heap   total 280576K, used 180951K [0x0000000080000000, 0x0000000100000000)
  region size 1024K, 5 young (5120K), 5 survivors (5120K)
 Metaspace       used 104108K, committed 105344K, reserved 557056K
  class space    used 14612K, committed 15168K, reserved 425984K
}
Event: 36.949 GC heap before
{Heap before GC invocations=60 (full 0):
 garbage-first heap   total 327680K, used 232151K [0x0000000080000000, 0x0000000100000000)
  region size 1024K, 51 young (52224K), 5 survivors (5120K)
 Metaspace       used 105102K, committed 106368K, reserved 557056K
  class space    used 14747K, committed 15360K, reserved 425984K
}
Event: 36.960 GC heap after
{Heap after GC invocations=61 (full 0):
 garbage-first heap   total 327680K, used 199175K [0x0000000080000000, 0x0000000100000000)
  region size 1024K, 7 young (7168K), 7 survivors (7168K)
 Metaspace       used 105102K, committed 106368K, reserved 557056K
  class space    used 14747K, committed 15360K, reserved 425984K
}
Event: 37.048 GC heap before
{Heap before GC invocations=61 (full 0):
 garbage-first heap   total 327680K, used 208391K [0x0000000080000000, 0x0000000100000000)
  region size 1024K, 16 young (16384K), 7 survivors (7168K)
 Metaspace       used 105266K, committed 106624K, reserved 557056K
  class space    used 14771K, committed 15360K, reserved 425984K
}
Event: 37.054 GC heap after
{Heap after GC invocations=62 (full 0):
 garbage-first heap   total 327680K, used 200199K [0x0000000080000000, 0x0000000100000000)
  region size 1024K, 2 young (2048K), 2 survivors (2048K)
 Metaspace       used 105266K, committed 106624K, reserved 557056K
  class space    used 14771K, committed 15360K, reserved 425984K
}
Event: 37.418 GC heap before
{Heap before GC invocations=62 (full 0):
 garbage-first heap   total 327680K, used 258567K [0x0000000080000000, 0x0000000100000000)
  region size 1024K, 56 young (57344K), 2 survivors (2048K)
 Metaspace       used 106087K, committed 107456K, reserved 557056K
  class space    used 14906K, committed 15488K, reserved 425984K
}

