# JRE version: Java(TM) SE Runtime Environment (17.0.10+11) (build 17.0.10+11-LTS-240)
# Java VM: Java HotSpot(TM) 64-Bit Server VM (17.0.10+11-LTS-240, mixed mode, sharing, tiered, compressed oops, compressed class ptrs, g1 gc, windows-amd64)
GC Precious Log:
 CPUs: 12 total, 12 available
 Memory: 16295M
 Large Page Support: Disabled
 NUMA Support: Disabled
 Compressed Oops: Enabled (32-bit)
 Heap Region Size: 1M
 Heap Min Capacity: 8M
 Heap Initial Capacity: 256M
 Heap Max Capacity: 2G
 Pre-touch: Disabled
 Parallel Workers: 10
 Concurrent Workers: 3
 Concurrent Refinement Workers: 10
 Periodic GC: Disabled
Heap:
 garbage-first heap   total 163840K, used 113746K [0x0000000080000000, 0x0000000100000000)
  region size 1024K, 24 young (24576K), 5 survivors (5120K)
 Metaspace       used 78642K, committed 79296K, reserved 557056K
  class space    used 10962K, committed 11264K, reserved 425984K
GC Heap History (20 events):
Event: 10.673 GC heap before
{Heap before GC invocations=13 (full 0):
 garbage-first heap   total 163840K, used 133766K [0x0000000080000000, 0x0000000100000000)
  region size 1024K, 88 young (90112K), 2 survivors (2048K)
 Metaspace       used 50188K, committed 50816K, reserved 491520K
  class space    used 7056K, committed 7360K, reserved 425984K
}
Event: 10.679 GC heap after
{Heap after GC invocations=14 (full 0):
 garbage-first heap   total 163840K, used 52360K [0x0000000080000000, 0x0000000100000000)
  region size 1024K, 10 young (10240K), 10 survivors (10240K)
 Metaspace       used 50188K, committed 50816K, reserved 491520K
  class space    used 7056K, committed 7360K, reserved 425984K
}
Event: 11.605 GC heap before
{Heap before GC invocations=14 (full 0):
 garbage-first heap   total 163840K, used 130184K [0x0000000080000000, 0x0000000100000000)
  region size 1024K, 82 young (83968K), 10 survivors (10240K)
 Metaspace       used 55958K, committed 56640K, reserved 491520K
  class space    used 7918K, committed 8256K, reserved 425984K
}
Event: 11.612 GC heap after
{Heap after GC invocations=15 (full 0):
 garbage-first heap   total 163840K, used 59762K [0x0000000080000000, 0x0000000100000000)
  region size 1024K, 4 young (4096K), 4 survivors (4096K)
 Metaspace       used 55958K, committed 56640K, reserved 491520K
  class space    used 7918K, committed 8256K, reserved 425984K
}
Event: 11.868 GC heap before
{Heap before GC invocations=15 (full 0):
 garbage-first heap   total 163840K, used 89458K [0x0000000080000000, 0x0000000100000000)
  region size 1024K, 34 young (34816K), 4 survivors (4096K)
 Metaspace       used 59435K, committed 60096K, reserved 491520K
  class space    used 8375K, committed 8704K, reserved 425984K
}
Event: 11.871 GC heap after
{Heap after GC invocations=16 (full 0):
 garbage-first heap   total 163840K, used 60606K [0x0000000080000000, 0x0000000100000000)
  region size 1024K, 5 young (5120K), 5 survivors (5120K)
 Metaspace       used 59435K, committed 60096K, reserved 491520K
  class space    used 8375K, committed 8704K, reserved 425984K
}
Event: 12.618 GC heap before
{Heap before GC invocations=17 (full 0):
 garbage-first heap   total 163840K, used 131262K [0x0000000080000000, 0x0000000100000000)
  region size 1024K, 75 young (76800K), 5 survivors (5120K)
 Metaspace       used 63313K, committed 64000K, reserved 491520K
  class space    used 8941K, committed 9280K, reserved 425984K
}
Event: 12.626 GC heap after
{Heap after GC invocations=18 (full 0):
 garbage-first heap   total 163840K, used 66959K [0x0000000080000000, 0x0000000100000000)
  region size 1024K, 10 young (10240K), 10 survivors (10240K)
 Metaspace       used 63313K, committed 64000K, reserved 491520K
  class space    used 8941K, committed 9280K, reserved 425984K
}
Event: 12.644 GC heap before
{Heap before GC invocations=18 (full 0):
 garbage-first heap   total 163840K, used 67983K [0x0000000080000000, 0x0000000100000000)
  region size 1024K, 11 young (11264K), 10 survivors (10240K)
 Metaspace       used 63385K, committed 64064K, reserved 491520K
  class space    used 8960K, committed 9280K, reserved 425984K
}
Event: 12.650 GC heap after
{Heap after GC invocations=19 (full 0):
 garbage-first heap   total 163840K, used 68403K [0x0000000080000000, 0x0000000100000000)
  region size 1024K, 2 young (2048K), 2 survivors (2048K)
 Metaspace       used 63385K, committed 64064K, reserved 491520K
  class space    used 8960K, committed 9280K, reserved 425984K
}
Event: 13.445 GC heap before
{Heap before GC invocations=19 (full 0):
 garbage-first heap   total 163840K, used 130867K [0x0000000080000000, 0x0000000100000000)
  region size 1024K, 64 young (65536K), 2 survivors (2048K)
 Metaspace       used 65932K, committed 66624K, reserved 491520K
  class space    used 9388K, committed 9728K, reserved 425984K
}
Event: 13.451 GC heap after
{Heap after GC invocations=20 (full 0):
 garbage-first heap   total 163840K, used 72561K [0x0000000080000000, 0x0000000100000000)
  region size 1024K, 6 young (6144K), 6 survivors (6144K)
 Metaspace       used 65932K, committed 66624K, reserved 491520K
  class space    used 9388K, committed 9728K, reserved 425984K
}
Event: 13.983 GC heap before
{Heap before GC invocations=20 (full 0):
 garbage-first heap   total 163840K, used 137073K [0x0000000080000000, 0x0000000100000000)
  region size 1024K, 64 young (65536K), 6 survivors (6144K)
 Metaspace       used 70119K, committed 70848K, reserved 491520K
  class space    used 9851K, committed 10176K, reserved 425984K
}
Event: 13.989 GC heap after
{Heap after GC invocations=21 (full 0):
 garbage-first heap   total 163840K, used 84713K [0x0000000080000000, 0x0000000100000000)
  region size 1024K, 7 young (7168K), 7 survivors (7168K)
 Metaspace       used 70119K, committed 70848K, reserved 491520K
  class space    used 9851K, committed 10176K, reserved 425984K
}
Event: 14.589 GC heap before
{Heap before GC invocations=21 (full 0):
 garbage-first heap   total 163840K, used 142057K [0x0000000080000000, 0x0000000100000000)
  region size 1024K, 57 young (58368K), 7 survivors (7168K)
 Metaspace       used 73765K, committed 74432K, reserved 491520K
  class space    used 10313K, committed 10624K, reserved 425984K
}
Event: 14.594 GC heap after
{Heap after GC invocations=22 (full 0):
 garbage-first heap   total 163840K, used 90335K [0x0000000080000000, 0x0000000100000000)
  region size 1024K, 6 young (6144K), 6 survivors (6144K)
 Metaspace       used 73765K, committed 74432K, reserved 491520K
  class space    used 10313K, committed 10624K, reserved 425984K
}
Event: 15.004 GC heap before
{Heap before GC invocations=22 (full 0):
 garbage-first heap   total 163840K, used 134367K [0x0000000080000000, 0x0000000100000000)
  region size 1024K, 49 young (50176K), 6 survivors (6144K)
 Metaspace       used 76915K, committed 77632K, reserved 557056K
  class space    used 10734K, committed 11072K, reserved 425984K
}
Event: 15.008 GC heap after
{Heap after GC invocations=23 (full 0):
 garbage-first heap   total 163840K, used 92932K [0x0000000080000000, 0x0000000100000000)
  region size 1024K, 3 young (3072K), 3 survivors (3072K)
 Metaspace       used 76915K, committed 77632K, reserved 557056K
  class space    used 10734K, committed 11072K, reserved 425984K
}
Event: 15.345 GC heap before
{Heap before GC invocations=23 (full 0):
 garbage-first heap   total 163840K, used 135940K [0x0000000080000000, 0x0000000100000000)
  region size 1024K, 45 young (46080K), 3 survivors (3072K)
 Metaspace       used 78507K, committed 79232K, reserved 557056K
  class space    used 10951K, committed 11264K, reserved 425984K
}
Event: 15.350 GC heap after
{Heap after GC invocations=24 (full 0):
 garbage-first heap   total 163840K, used 95314K [0x0000000080000000, 0x0000000100000000)
  region size 1024K, 5 young (5120K), 5 survivors (5120K)
 Metaspace       used 78507K, committed 79232K, reserved 557056K
  class space    used 10951K, committed 11264K, reserved 425984K
}

