# JRE version: Java(TM) SE Runtime Environment (17.0.10+11) (build 17.0.10+11-LTS-240)
# Java VM: Java HotSpot(TM) 64-Bit Server VM (17.0.10+11-LTS-240, mixed mode, sharing, tiered, compressed oops, compressed class ptrs, g1 gc, windows-amd64)
GC Precious Log:
 CPUs: 12 total, 12 available
 Memory: 16295M
 Large Page Support: Disabled
 NUMA Support: Disabled
 Compressed Oops: Enabled (32-bit)
 Heap Region Size: 1M
 Heap Min Capacity: 8M
 Heap Initial Capacity: 256M
 Heap Max Capacity: 2G
 Pre-touch: Disabled
 Parallel Workers: 10
 Concurrent Workers: 3
 Concurrent Refinement Workers: 10
 Periodic GC: Disabled
Heap:
 garbage-first heap   total 262144K, used 166496K [0x0000000080000000, 0x0000000100000000)
  region size 1024K, 3 young (3072K), 3 survivors (3072K)
 Metaspace       used 94164K, committed 95360K, reserved 557056K
  class space    used 13158K, committed 13696K, reserved 425984K
GC Heap History (20 events):
Event: 21.695 GC heap after
{Heap after GC invocations=31 (full 0):
 garbage-first heap   total 208896K, used 92382K [0x0000000080000000, 0x0000000100000000)
  region size 1024K, 1 young (1024K), 1 survivors (1024K)
 Metaspace       used 78768K, committed 79488K, reserved 557056K
  class space    used 10968K, committed 11328K, reserved 425984K
}
Event: 35.055 GC heap before
{Heap before GC invocations=31 (full 0):
 garbage-first heap   total 208896K, used 156894K [0x0000000080000000, 0x0000000100000000)
  region size 1024K, 64 young (65536K), 1 survivors (1024K)
 Metaspace       used 81687K, committed 82496K, reserved 557056K
  class space    used 11388K, committed 11776K, reserved 425984K
}
Event: 35.060 GC heap after
{Heap after GC invocations=32 (full 0):
 garbage-first heap   total 208896K, used 96066K [0x0000000080000000, 0x0000000100000000)
  region size 1024K, 5 young (5120K), 5 survivors (5120K)
 Metaspace       used 81687K, committed 82496K, reserved 557056K
  class space    used 11388K, committed 11776K, reserved 425984K
}
Event: 35.729 GC heap before
{Heap before GC invocations=32 (full 0):
 garbage-first heap   total 208896K, used 161602K [0x0000000080000000, 0x0000000100000000)
  region size 1024K, 68 young (69632K), 5 survivors (5120K)
 Metaspace       used 86139K, committed 86976K, reserved 557056K
  class space    used 12146K, committed 12544K, reserved 425984K
}
Event: 35.735 GC heap after
{Heap after GC invocations=33 (full 0):
 garbage-first heap   total 208896K, used 98354K [0x0000000080000000, 0x0000000100000000)
  region size 1024K, 7 young (7168K), 7 survivors (7168K)
 Metaspace       used 86139K, committed 86976K, reserved 557056K
  class space    used 12146K, committed 12544K, reserved 425984K
}
Event: 36.475 GC heap before
{Heap before GC invocations=33 (full 0):
 garbage-first heap   total 208896K, used 164914K [0x0000000080000000, 0x0000000100000000)
  region size 1024K, 72 young (73728K), 7 survivors (7168K)
 Metaspace       used 88913K, committed 89920K, reserved 557056K
  class space    used 12531K, committed 12992K, reserved 425984K
}
Event: 36.485 GC heap after
{Heap after GC invocations=34 (full 0):
 garbage-first heap   total 208896K, used 104983K [0x0000000080000000, 0x0000000100000000)
  region size 1024K, 9 young (9216K), 9 survivors (9216K)
 Metaspace       used 88913K, committed 89920K, reserved 557056K
  class space    used 12531K, committed 12992K, reserved 425984K
}
Event: 37.365 GC heap before
{Heap before GC invocations=34 (full 0):
 garbage-first heap   total 208896K, used 167447K [0x0000000080000000, 0x0000000100000000)
  region size 1024K, 69 young (70656K), 9 survivors (9216K)
 Metaspace       used 90470K, committed 91456K, reserved 557056K
  class space    used 12765K, committed 13248K, reserved 425984K
}
Event: 37.376 GC heap after
{Heap after GC invocations=35 (full 0):
 garbage-first heap   total 208896K, used 117532K [0x0000000080000000, 0x0000000100000000)
  region size 1024K, 9 young (9216K), 9 survivors (9216K)
 Metaspace       used 90470K, committed 91456K, reserved 557056K
  class space    used 12765K, committed 13248K, reserved 425984K
}
Event: 38.270 GC heap before
{Heap before GC invocations=35 (full 0):
 garbage-first heap   total 208896K, used 165660K [0x0000000080000000, 0x0000000100000000)
  region size 1024K, 57 young (58368K), 9 survivors (9216K)
 Metaspace       used 92572K, committed 93568K, reserved 557056K
  class space    used 12969K, committed 13440K, reserved 425984K
}
Event: 38.284 GC heap after
{Heap after GC invocations=36 (full 0):
 garbage-first heap   total 208896K, used 128656K [0x0000000080000000, 0x0000000100000000)
  region size 1024K, 8 young (8192K), 8 survivors (8192K)
 Metaspace       used 92572K, committed 93568K, reserved 557056K
  class space    used 12969K, committed 13440K, reserved 425984K
}
Event: 38.560 GC heap before
{Heap before GC invocations=36 (full 0):
 garbage-first heap   total 208896K, used 170640K [0x0000000080000000, 0x0000000100000000)
  region size 1024K, 46 young (47104K), 8 survivors (8192K)
 Metaspace       used 92758K, committed 93888K, reserved 557056K
  class space    used 12980K, committed 13504K, reserved 425984K
}
Event: 38.570 GC heap after
{Heap after GC invocations=37 (full 0):
 garbage-first heap   total 208896K, used 142696K [0x0000000080000000, 0x0000000100000000)
  region size 1024K, 6 young (6144K), 6 survivors (6144K)
 Metaspace       used 92758K, committed 93888K, reserved 557056K
  class space    used 12980K, committed 13504K, reserved 425984K
}
Event: 39.089 GC heap before
{Heap before GC invocations=37 (full 0):
 garbage-first heap   total 208896K, used 169320K [0x0000000080000000, 0x0000000100000000)
  region size 1024K, 32 young (32768K), 6 survivors (6144K)
 Metaspace       used 93499K, committed 94656K, reserved 557056K
  class space    used 13083K, committed 13632K, reserved 425984K
}
Event: 39.097 GC heap after
{Heap after GC invocations=38 (full 0):
 garbage-first heap   total 208896K, used 150193K [0x0000000080000000, 0x0000000100000000)
  region size 1024K, 4 young (4096K), 4 survivors (4096K)
 Metaspace       used 93499K, committed 94656K, reserved 557056K
  class space    used 13083K, committed 13632K, reserved 425984K
}
Event: 39.374 GC heap before
{Heap before GC invocations=38 (full 0):
 garbage-first heap   total 208896K, used 170673K [0x0000000080000000, 0x0000000100000000)
  region size 1024K, 25 young (25600K), 4 survivors (4096K)
 Metaspace       used 93890K, committed 95040K, reserved 557056K
  class space    used 13127K, committed 13632K, reserved 425984K
}
Event: 39.382 GC heap after
{Heap after GC invocations=39 (full 0):
 garbage-first heap   total 208896K, used 155238K [0x0000000080000000, 0x0000000100000000)
  region size 1024K, 4 young (4096K), 4 survivors (4096K)
 Metaspace       used 93890K, committed 95040K, reserved 557056K
  class space    used 13127K, committed 13632K, reserved 425984K
}
Event: 39.532 GC heap before
{Heap before GC invocations=39 (full 0):
 garbage-first heap   total 208896K, used 174694K [0x0000000080000000, 0x0000000100000000)
  region size 1024K, 22 young (22528K), 4 survivors (4096K)
 Metaspace       used 93965K, committed 95168K, reserved 557056K
  class space    used 13134K, committed 13696K, reserved 425984K
}
Event: 39.538 GC heap after
{Heap after GC invocations=40 (full 0):
 garbage-first heap   total 208896K, used 161778K [0x0000000080000000, 0x0000000100000000)
  region size 1024K, 3 young (3072K), 3 survivors (3072K)
 Metaspace       used 93965K, committed 95168K, reserved 557056K
  class space    used 13134K, committed 13696K, reserved 425984K
}
Event: 39.750 GC heap before
{Heap before GC invocations=40 (full 0):
 garbage-first heap   total 208896K, used 176114K [0x0000000080000000, 0x0000000100000000)
  region size 1024K, 17 young (17408K), 3 survivors (3072K)
 Metaspace       used 94164K, committed 95360K, reserved 557056K
  class space    used 13158K, committed 13696K, reserved 425984K
}

