# JRE version: Java(TM) SE Runtime Environment (17.0.10+11) (build 17.0.10+11-LTS-240)
# Java VM: Java HotSpot(TM) 64-Bit Server VM (17.0.10+11-LTS-240, mixed mode, sharing, tiered, compressed oops, compressed class ptrs, g1 gc, windows-amd64)
GC Precious Log:
 CPUs: 12 total, 12 available
 Memory: 16295M
 Large Page Support: Disabled
 NUMA Support: Disabled
 Compressed Oops: Enabled (Zero based)
 Heap Region Size: 2M
 Heap Min Capacity: 8M
 Heap Initial Capacity: 256M
 Heap Max Capacity: 4074M
 Pre-touch: Disabled
 Parallel Workers: 10
 Concurrent Workers: 3
 Concurrent Refinement Workers: 10
 Periodic GC: Disabled
Heap:
 garbage-first heap   total 212992K, used 111065K [0x0000000701600000, 0x0000000800000000)
  region size 2048K, 2 young (4096K), 2 survivors (4096K)
 Metaspace       used 85074K, committed 85504K, reserved 1179648K
  class space    used 9136K, committed 9344K, reserved 1048576K
GC Heap History (20 events):
Event: 12.876 GC heap after
{Heap after GC invocations=26 (full 0):
 garbage-first heap   total 153600K, used 88413K [0x0000000701600000, 0x0000000800000000)
  region size 2048K, 3 young (6144K), 3 survivors (6144K)
 Metaspace       used 61055K, committed 61440K, reserved 1114112K
  class space    used 6930K, committed 7104K, reserved 1048576K
}
Event: 13.550 GC heap before
{Heap before GC invocations=26 (full 0):
 garbage-first heap   total 153600K, used 125277K [0x0000000701600000, 0x0000000800000000)
  region size 2048K, 21 young (43008K), 3 survivors (6144K)
 Metaspace       used 61223K, committed 61568K, reserved 1114112K
  class space    used 6933K, committed 7104K, reserved 1048576K
}
Event: 13.563 GC heap after
{Heap after GC invocations=27 (full 0):
 garbage-first heap   total 153600K, used 90673K [0x0000000701600000, 0x0000000800000000)
  region size 2048K, 2 young (4096K), 2 survivors (4096K)
 Metaspace       used 61223K, committed 61568K, reserved 1114112K
  class space    used 6933K, committed 7104K, reserved 1048576K
}
Event: 14.162 GC heap before
{Heap before GC invocations=28 (full 0):
 garbage-first heap   total 161792K, used 127537K [0x0000000701600000, 0x0000000800000000)
  region size 2048K, 20 young (40960K), 2 survivors (4096K)
 Metaspace       used 61516K, committed 61888K, reserved 1114112K
  class space    used 6954K, committed 7104K, reserved 1048576K
}
Event: 14.169 GC heap after
{Heap after GC invocations=29 (full 0):
 garbage-first heap   total 161792K, used 93900K [0x0000000701600000, 0x0000000800000000)
  region size 2048K, 3 young (6144K), 3 survivors (6144K)
 Metaspace       used 61516K, committed 61888K, reserved 1114112K
  class space    used 6954K, committed 7104K, reserved 1048576K
}
Event: 14.778 GC heap before
{Heap before GC invocations=29 (full 0):
 garbage-first heap   total 161792K, used 132812K [0x0000000701600000, 0x0000000800000000)
  region size 2048K, 22 young (45056K), 3 survivors (6144K)
 Metaspace       used 62390K, committed 62720K, reserved 1114112K
  class space    used 7074K, committed 7232K, reserved 1048576K
}
Event: 14.789 GC heap after
{Heap after GC invocations=30 (full 0):
 garbage-first heap   total 194560K, used 96574K [0x0000000701600000, 0x0000000800000000)
  region size 2048K, 3 young (6144K), 3 survivors (6144K)
 Metaspace       used 62390K, committed 62720K, reserved 1114112K
  class space    used 7074K, committed 7232K, reserved 1048576K
}
Event: 15.418 GC heap before
{Heap before GC invocations=31 (full 0):
 garbage-first heap   total 194560K, used 160062K [0x0000000701600000, 0x0000000800000000)
  region size 2048K, 34 young (69632K), 3 survivors (6144K)
 Metaspace       used 63804K, committed 64192K, reserved 1114112K
  class space    used 7191K, committed 7360K, reserved 1048576K
}
Event: 15.426 GC heap after
{Heap after GC invocations=32 (full 0):
 garbage-first heap   total 194560K, used 98009K [0x0000000701600000, 0x0000000800000000)
  region size 2048K, 3 young (6144K), 3 survivors (6144K)
 Metaspace       used 63804K, committed 64192K, reserved 1114112K
  class space    used 7191K, committed 7360K, reserved 1048576K
}
Event: 16.443 GC heap before
{Heap before GC invocations=32 (full 0):
 garbage-first heap   total 194560K, used 159449K [0x0000000701600000, 0x0000000800000000)
  region size 2048K, 33 young (67584K), 3 survivors (6144K)
 Metaspace       used 69229K, committed 69568K, reserved 1114112K
  class space    used 7687K, committed 7872K, reserved 1048576K
}
Event: 16.456 GC heap after
{Heap after GC invocations=33 (full 0):
 garbage-first heap   total 194560K, used 106525K [0x0000000701600000, 0x0000000800000000)
  region size 2048K, 5 young (10240K), 5 survivors (10240K)
 Metaspace       used 69229K, committed 69568K, reserved 1114112K
  class space    used 7687K, committed 7872K, reserved 1048576K
}
Event: 17.382 GC heap before
{Heap before GC invocations=34 (full 0):
 garbage-first heap   total 194560K, used 155677K [0x0000000701600000, 0x0000000800000000)
  region size 2048K, 30 young (61440K), 5 survivors (10240K)
 Metaspace       used 77974K, committed 78336K, reserved 1179648K
  class space    used 8635K, committed 8832K, reserved 1048576K
}
Event: 17.395 GC heap after
{Heap after GC invocations=35 (full 0):
 garbage-first heap   total 194560K, used 112662K [0x0000000701600000, 0x0000000800000000)
  region size 2048K, 3 young (6144K), 3 survivors (6144K)
 Metaspace       used 77974K, committed 78336K, reserved 1179648K
  class space    used 8635K, committed 8832K, reserved 1048576K
}
Event: 17.735 GC heap before
{Heap before GC invocations=35 (full 0):
 garbage-first heap   total 194560K, used 157718K [0x0000000701600000, 0x0000000800000000)
  region size 2048K, 25 young (51200K), 3 survivors (6144K)
 Metaspace       used 79228K, committed 79616K, reserved 1179648K
  class space    used 8693K, committed 8896K, reserved 1048576K
}
Event: 17.743 GC heap after
{Heap after GC invocations=36 (full 0):
 garbage-first heap   total 194560K, used 116149K [0x0000000701600000, 0x0000000800000000)
  region size 2048K, 2 young (4096K), 2 survivors (4096K)
 Metaspace       used 79228K, committed 79616K, reserved 1179648K
  class space    used 8693K, committed 8896K, reserved 1048576K
}
Event: 18.168 GC heap before
{Heap before GC invocations=37 (full 0):
 garbage-first heap   total 212992K, used 157109K [0x0000000701600000, 0x0000000800000000)
  region size 2048K, 23 young (47104K), 2 survivors (4096K)
 Metaspace       used 80094K, committed 80512K, reserved 1179648K
  class space    used 8755K, committed 8960K, reserved 1048576K
}
Event: 18.173 GC heap after
{Heap after GC invocations=38 (full 0):
 garbage-first heap   total 212992K, used 116179K [0x0000000701600000, 0x0000000800000000)
  region size 2048K, 2 young (4096K), 2 survivors (4096K)
 Metaspace       used 80094K, committed 80512K, reserved 1179648K
  class space    used 8755K, committed 8960K, reserved 1048576K
}
Event: 18.191 GC heap before
{Heap before GC invocations=38 (full 0):
 garbage-first heap   total 212992K, used 122323K [0x0000000701600000, 0x0000000800000000)
  region size 2048K, 5 young (10240K), 2 survivors (4096K)
 Metaspace       used 80101K, committed 80512K, reserved 1179648K
  class space    used 8755K, committed 8960K, reserved 1048576K
}
Event: 18.198 GC heap after
{Heap after GC invocations=39 (full 0):
 garbage-first heap   total 212992K, used 108032K [0x0000000701600000, 0x0000000800000000)
  region size 2048K, 1 young (2048K), 1 survivors (2048K)
 Metaspace       used 80101K, committed 80512K, reserved 1179648K
  class space    used 8755K, committed 8960K, reserved 1048576K
}
Event: 18.960 GC heap before
{Heap before GC invocations=39 (full 0):
 garbage-first heap   total 212992K, used 171520K [0x0000000701600000, 0x0000000800000000)
  region size 2048K, 32 young (65536K), 1 survivors (2048K)
 Metaspace       used 85074K, committed 85504K, reserved 1179648K
  class space    used 9136K, committed 9344K, reserved 1048576K
}

