# JRE version: Java(TM) SE Runtime Environment (17.0.10+11) (build 17.0.10+11-LTS-240)
# Java VM: Java HotSpot(TM) 64-Bit Server VM (17.0.10+11-LTS-240, mixed mode, sharing, tiered, compressed oops, compressed class ptrs, g1 gc, windows-amd64)
GC Precious Log:
 CPUs: 12 total, 12 available
 Memory: 16295M
 Large Page Support: Disabled
 NUMA Support: Disabled
 Compressed Oops: Enabled (32-bit)
 Heap Region Size: 1M
 Heap Min Capacity: 8M
 Heap Initial Capacity: 256M
 Heap Max Capacity: 2G
 Pre-touch: Disabled
 Parallel Workers: 10
 Concurrent Workers: 3
 Concurrent Refinement Workers: 10
 Periodic GC: Disabled
Heap:
 garbage-first heap   total 257024K, used 220345K [0x0000000080000000, 0x0000000100000000)
  region size 1024K, 29 young (29696K), 5 survivors (5120K)
 Metaspace       used 108614K, committed 109824K, reserved 557056K
  class space    used 15003K, committed 15552K, reserved 425984K
GC Heap History (20 events):
Event: 20.979 GC heap before
{Heap before GC invocations=50 (full 0):
 garbage-first heap   total 257024K, used 213440K [0x0000000080000000, 0x0000000100000000)
  region size 1024K, 48 young (49152K), 2 survivors (2048K)
 Metaspace       used 103494K, committed 104576K, reserved 557056K
  class space    used 14447K, committed 14976K, reserved 425984K
}
Event: 20.987 GC heap after
{Heap after GC invocations=51 (full 0):
 garbage-first heap   total 257024K, used 172616K [0x0000000080000000, 0x0000000100000000)
  region size 1024K, 6 young (6144K), 6 survivors (6144K)
 Metaspace       used 103494K, committed 104576K, reserved 557056K
  class space    used 14447K, committed 14976K, reserved 425984K
}
Event: 21.193 GC heap before
{Heap before GC invocations=51 (full 0):
 garbage-first heap   total 257024K, used 213576K [0x0000000080000000, 0x0000000100000000)
  region size 1024K, 47 young (48128K), 6 survivors (6144K)
 Metaspace       used 103529K, committed 104640K, reserved 557056K
  class space    used 14448K, committed 14976K, reserved 425984K
}
Event: 21.200 GC heap after
{Heap after GC invocations=52 (full 0):
 garbage-first heap   total 257024K, used 176002K [0x0000000080000000, 0x0000000100000000)
  region size 1024K, 4 young (4096K), 4 survivors (4096K)
 Metaspace       used 103529K, committed 104640K, reserved 557056K
  class space    used 14448K, committed 14976K, reserved 425984K
}
Event: 21.431 GC heap before
{Heap before GC invocations=52 (full 0):
 garbage-first heap   total 257024K, used 215938K [0x0000000080000000, 0x0000000100000000)
  region size 1024K, 44 young (45056K), 4 survivors (4096K)
 Metaspace       used 103551K, committed 104640K, reserved 557056K
  class space    used 14448K, committed 14976K, reserved 425984K
}
Event: 21.437 GC heap after
{Heap after GC invocations=53 (full 0):
 garbage-first heap   total 257024K, used 177764K [0x0000000080000000, 0x0000000100000000)
  region size 1024K, 4 young (4096K), 4 survivors (4096K)
 Metaspace       used 103551K, committed 104640K, reserved 557056K
  class space    used 14448K, committed 14976K, reserved 425984K
}
Event: 21.876 GC heap before
{Heap before GC invocations=53 (full 0):
 garbage-first heap   total 257024K, used 217700K [0x0000000080000000, 0x0000000100000000)
  region size 1024K, 43 young (44032K), 4 survivors (4096K)
 Metaspace       used 103640K, committed 104832K, reserved 557056K
  class space    used 14452K, committed 15040K, reserved 425984K
}
Event: 21.880 GC heap after
{Heap after GC invocations=54 (full 0):
 garbage-first heap   total 257024K, used 179682K [0x0000000080000000, 0x0000000100000000)
  region size 1024K, 4 young (4096K), 4 survivors (4096K)
 Metaspace       used 103640K, committed 104832K, reserved 557056K
  class space    used 14452K, committed 15040K, reserved 425984K
}
Event: 22.130 GC heap before
{Heap before GC invocations=54 (full 0):
 garbage-first heap   total 257024K, used 216546K [0x0000000080000000, 0x0000000100000000)
  region size 1024K, 41 young (41984K), 4 survivors (4096K)
 Metaspace       used 103752K, committed 104960K, reserved 557056K
  class space    used 14461K, committed 15040K, reserved 425984K
}
Event: 22.134 GC heap after
{Heap after GC invocations=55 (full 0):
 garbage-first heap   total 257024K, used 181349K [0x0000000080000000, 0x0000000100000000)
  region size 1024K, 3 young (3072K), 3 survivors (3072K)
 Metaspace       used 103752K, committed 104960K, reserved 557056K
  class space    used 14461K, committed 15040K, reserved 425984K
}
Event: 22.373 GC heap before
{Heap before GC invocations=55 (full 0):
 garbage-first heap   total 257024K, used 217189K [0x0000000080000000, 0x0000000100000000)
  region size 1024K, 39 young (39936K), 3 survivors (3072K)
 Metaspace       used 103857K, committed 105024K, reserved 557056K
  class space    used 14472K, committed 15040K, reserved 425984K
}
Event: 22.378 GC heap after
{Heap after GC invocations=56 (full 0):
 garbage-first heap   total 257024K, used 183639K [0x0000000080000000, 0x0000000100000000)
  region size 1024K, 4 young (4096K), 4 survivors (4096K)
 Metaspace       used 103857K, committed 105024K, reserved 557056K
  class space    used 14472K, committed 15040K, reserved 425984K
}
Event: 22.710 GC heap before
{Heap before GC invocations=56 (full 0):
 garbage-first heap   total 257024K, used 218455K [0x0000000080000000, 0x0000000100000000)
  region size 1024K, 39 young (39936K), 4 survivors (4096K)
 Metaspace       used 104370K, committed 105536K, reserved 557056K
  class space    used 14536K, committed 15104K, reserved 425984K
}
Event: 22.715 GC heap after
{Heap after GC invocations=57 (full 0):
 garbage-first heap   total 257024K, used 185511K [0x0000000080000000, 0x0000000100000000)
  region size 1024K, 3 young (3072K), 3 survivors (3072K)
 Metaspace       used 104370K, committed 105536K, reserved 557056K
  class space    used 14536K, committed 15104K, reserved 425984K
}
Event: 23.118 GC heap before
{Heap before GC invocations=57 (full 0):
 garbage-first heap   total 257024K, used 219303K [0x0000000080000000, 0x0000000100000000)
  region size 1024K, 37 young (37888K), 3 survivors (3072K)
 Metaspace       used 107305K, committed 108480K, reserved 557056K
  class space    used 14892K, committed 15488K, reserved 425984K
}
Event: 23.123 GC heap after
{Heap after GC invocations=58 (full 0):
 garbage-first heap   total 257024K, used 188961K [0x0000000080000000, 0x0000000100000000)
  region size 1024K, 5 young (5120K), 5 survivors (5120K)
 Metaspace       used 107305K, committed 108480K, reserved 557056K
  class space    used 14892K, committed 15488K, reserved 425984K
}
Event: 23.281 GC heap before
{Heap before GC invocations=58 (full 0):
 garbage-first heap   total 257024K, used 219681K [0x0000000080000000, 0x0000000100000000)
  region size 1024K, 36 young (36864K), 5 survivors (5120K)
 Metaspace       used 107706K, committed 108928K, reserved 557056K
  class space    used 14963K, committed 15552K, reserved 425984K
}
Event: 23.288 GC heap after
{Heap after GC invocations=59 (full 0):
 garbage-first heap   total 257024K, used 190962K [0x0000000080000000, 0x0000000100000000)
  region size 1024K, 3 young (3072K), 3 survivors (3072K)
 Metaspace       used 107706K, committed 108928K, reserved 557056K
  class space    used 14963K, committed 15552K, reserved 425984K
}
Event: 23.373 GC heap before
{Heap before GC invocations=59 (full 0):
 garbage-first heap   total 257024K, used 220658K [0x0000000080000000, 0x0000000100000000)
  region size 1024K, 33 young (33792K), 3 survivors (3072K)
 Metaspace       used 107727K, committed 108992K, reserved 557056K
  class space    used 14965K, committed 15552K, reserved 425984K
}
Event: 23.377 GC heap after
{Heap after GC invocations=60 (full 0):
 garbage-first heap   total 257024K, used 192697K [0x0000000080000000, 0x0000000100000000)
  region size 1024K, 5 young (5120K), 5 survivors (5120K)
 Metaspace       used 107727K, committed 108992K, reserved 557056K
  class space    used 14965K, committed 15552K, reserved 425984K
}

